<?xml version="1.0" encoding="UTF-8"?>
<testsuite xmlns:xsi="http://www.w3.org/2001/XMLSchema-instance" xsi:noNamespaceSchemaLocation="https://maven.apache.org/surefire/maven-surefire-plugin/xsd/surefire-test-report-3.0.xsd" version="3.0" name="com.example.food_delivery_app.repository.UserRepositoryTest" time="2.617" tests="2" errors="0" skipped="0" failures="0">
  <properties>
    <property name="java.specification.version" value="22"/>
    <property name="sun.cpu.isalist" value="amd64"/>
    <property name="sun.jnu.encoding" value="Cp1251"/>
    <property name="java.class.path" value="C:\Users\acer\Documents\GitHub\Food-delivery---SAP-Project\food_delivery_app\target\test-classes;C:\Users\acer\Documents\GitHub\Food-delivery---SAP-Project\food_delivery_app\target\classes;C:\Users\acer\.m2\repository\org\springframework\boot\spring-boot-starter-web\3.2.3\spring-boot-starter-web-3.2.3.jar;C:\Users\acer\.m2\repository\org\springframework\boot\spring-boot-starter\3.2.3\spring-boot-starter-3.2.3.jar;C:\Users\acer\.m2\repository\org\springframework\boot\spring-boot\3.2.3\spring-boot-3.2.3.jar;C:\Users\acer\.m2\repository\org\springframework\boot\spring-boot-autoconfigure\3.2.3\spring-boot-autoconfigure-3.2.3.jar;C:\Users\acer\.m2\repository\org\springframework\boot\spring-boot-starter-logging\3.2.3\spring-boot-starter-logging-3.2.3.jar;C:\Users\acer\.m2\repository\ch\qos\logback\logback-classic\1.4.14\logback-classic-1.4.14.jar;C:\Users\acer\.m2\repository\ch\qos\logback\logback-core\1.4.14\logback-core-1.4.14.jar;C:\Users\acer\.m2\repository\org\apache\logging\log4j\log4j-to-slf4j\2.21.1\log4j-to-slf4j-2.21.1.jar;C:\Users\acer\.m2\repository\org\apache\logging\log4j\log4j-api\2.21.1\log4j-api-2.21.1.jar;C:\Users\acer\.m2\repository\org\slf4j\jul-to-slf4j\2.0.12\jul-to-slf4j-2.0.12.jar;C:\Users\acer\.m2\repository\jakarta\annotation\jakarta.annotation-api\2.1.1\jakarta.annotation-api-2.1.1.jar;C:\Users\acer\.m2\repository\org\yaml\snakeyaml\2.2\snakeyaml-2.2.jar;C:\Users\acer\.m2\repository\org\springframework\boot\spring-boot-starter-json\3.2.3\spring-boot-starter-json-3.2.3.jar;C:\Users\acer\.m2\repository\com\fasterxml\jackson\datatype\jackson-datatype-jdk8\2.15.4\jackson-datatype-jdk8-2.15.4.jar;C:\Users\acer\.m2\repository\com\fasterxml\jackson\datatype\jackson-datatype-jsr310\2.15.4\jackson-datatype-jsr310-2.15.4.jar;C:\Users\acer\.m2\repository\com\fasterxml\jackson\module\jackson-module-parameter-names\2.15.4\jackson-module-parameter-names-2.15.4.jar;C:\Users\acer\.m2\repository\org\springframework\boot\spring-boot-starter-tomcat\3.2.3\spring-boot-starter-tomcat-3.2.3.jar;C:\Users\acer\.m2\repository\org\apache\tomcat\embed\tomcat-embed-core\10.1.19\tomcat-embed-core-10.1.19.jar;C:\Users\acer\.m2\repository\org\apache\tomcat\embed\tomcat-embed-websocket\10.1.19\tomcat-embed-websocket-10.1.19.jar;C:\Users\acer\.m2\repository\org\springframework\spring-web\6.1.4\spring-web-6.1.4.jar;C:\Users\acer\.m2\repository\org\springframework\spring-beans\6.1.4\spring-beans-6.1.4.jar;C:\Users\acer\.m2\repository\io\micrometer\micrometer-observation\1.12.3\micrometer-observation-1.12.3.jar;C:\Users\acer\.m2\repository\io\micrometer\micrometer-commons\1.12.3\micrometer-commons-1.12.3.jar;C:\Users\acer\.m2\repository\org\springframework\spring-webmvc\6.1.4\spring-webmvc-6.1.4.jar;C:\Users\acer\.m2\repository\org\springframework\spring-context\6.1.4\spring-context-6.1.4.jar;C:\Users\acer\.m2\repository\org\springframework\spring-expression\6.1.4\spring-expression-6.1.4.jar;C:\Users\acer\.m2\repository\org\springframework\boot\spring-boot-starter-data-jpa\3.2.3\spring-boot-starter-data-jpa-3.2.3.jar;C:\Users\acer\.m2\repository\org\springframework\boot\spring-boot-starter-aop\3.2.3\spring-boot-starter-aop-3.2.3.jar;C:\Users\acer\.m2\repository\org\aspectj\aspectjweaver\1.9.21\aspectjweaver-1.9.21.jar;C:\Users\acer\.m2\repository\org\springframework\boot\spring-boot-starter-jdbc\3.2.3\spring-boot-starter-jdbc-3.2.3.jar;C:\Users\acer\.m2\repository\com\zaxxer\HikariCP\5.0.1\HikariCP-5.0.1.jar;C:\Users\acer\.m2\repository\org\springframework\spring-jdbc\6.1.4\spring-jdbc-6.1.4.jar;C:\Users\acer\.m2\repository\org\hibernate\orm\hibernate-core\6.4.4.Final\hibernate-core-6.4.4.Final.jar;C:\Users\acer\.m2\repository\jakarta\persistence\jakarta.persistence-api\3.1.0\jakarta.persistence-api-3.1.0.jar;C:\Users\acer\.m2\repository\jakarta\transaction\jakarta.transaction-api\2.0.1\jakarta.transaction-api-2.0.1.jar;C:\Users\acer\.m2\repository\org\jboss\logging\jboss-logging\3.5.3.Final\jboss-logging-3.5.3.Final.jar;C:\Users\acer\.m2\repository\org\hibernate\common\hibernate-commons-annotations\6.0.6.Final\hibernate-commons-annotations-6.0.6.Final.jar;C:\Users\acer\.m2\repository\io\smallrye\jandex\3.1.2\jandex-3.1.2.jar;C:\Users\acer\.m2\repository\com\fasterxml\classmate\1.6.0\classmate-1.6.0.jar;C:\Users\acer\.m2\repository\net\bytebuddy\byte-buddy\1.14.12\byte-buddy-1.14.12.jar;C:\Users\acer\.m2\repository\org\glassfish\jaxb\jaxb-runtime\4.0.4\jaxb-runtime-4.0.4.jar;C:\Users\acer\.m2\repository\org\glassfish\jaxb\jaxb-core\4.0.4\jaxb-core-4.0.4.jar;C:\Users\acer\.m2\repository\org\eclipse\angus\angus-activation\2.0.1\angus-activation-2.0.1.jar;C:\Users\acer\.m2\repository\org\glassfish\jaxb\txw2\4.0.4\txw2-4.0.4.jar;C:\Users\acer\.m2\repository\com\sun\istack\istack-commons-runtime\4.1.2\istack-commons-runtime-4.1.2.jar;C:\Users\acer\.m2\repository\jakarta\inject\jakarta.inject-api\2.0.1\jakarta.inject-api-2.0.1.jar;C:\Users\acer\.m2\repository\org\antlr\antlr4-runtime\4.13.0\antlr4-runtime-4.13.0.jar;C:\Users\acer\.m2\repository\org\springframework\data\spring-data-jpa\3.2.3\spring-data-jpa-3.2.3.jar;C:\Users\acer\.m2\repository\org\springframework\data\spring-data-commons\3.2.3\spring-data-commons-3.2.3.jar;C:\Users\acer\.m2\repository\org\springframework\spring-orm\6.1.4\spring-orm-6.1.4.jar;C:\Users\acer\.m2\repository\org\springframework\spring-tx\6.1.4\spring-tx-6.1.4.jar;C:\Users\acer\.m2\repository\org\slf4j\slf4j-api\2.0.12\slf4j-api-2.0.12.jar;C:\Users\acer\.m2\repository\org\springframework\spring-aspects\6.1.4\spring-aspects-6.1.4.jar;C:\Users\acer\.m2\repository\org\springframework\boot\spring-boot-starter-security\3.2.3\spring-boot-starter-security-3.2.3.jar;C:\Users\acer\.m2\repository\org\springframework\spring-aop\6.1.4\spring-aop-6.1.4.jar;C:\Users\acer\.m2\repository\org\springframework\security\spring-security-config\6.2.2\spring-security-config-6.2.2.jar;C:\Users\acer\.m2\repository\org\springframework\security\spring-security-web\6.2.2\spring-security-web-6.2.2.jar;C:\Users\acer\.m2\repository\org\springframework\boot\spring-boot-starter-validation\3.2.3\spring-boot-starter-validation-3.2.3.jar;C:\Users\acer\.m2\repository\org\apache\tomcat\embed\tomcat-embed-el\10.1.19\tomcat-embed-el-10.1.19.jar;C:\Users\acer\.m2\repository\org\hibernate\validator\hibernate-validator\8.0.1.Final\hibernate-validator-8.0.1.Final.jar;C:\Users\acer\.m2\repository\jakarta\validation\jakarta.validation-api\3.0.2\jakarta.validation-api-3.0.2.jar;C:\Users\acer\.m2\repository\com\mysql\mysql-connector-j\8.3.0\mysql-connector-j-8.3.0.jar;C:\Users\acer\.m2\repository\io\jsonwebtoken\jjwt-api\0.11.5\jjwt-api-0.11.5.jar;C:\Users\acer\.m2\repository\io\jsonwebtoken\jjwt-impl\0.11.5\jjwt-impl-0.11.5.jar;C:\Users\acer\.m2\repository\io\jsonwebtoken\jjwt-jackson\0.11.5\jjwt-jackson-0.11.5.jar;C:\Users\acer\.m2\repository\com\fasterxml\jackson\core\jackson-databind\2.15.4\jackson-databind-2.15.4.jar;C:\Users\acer\.m2\repository\com\fasterxml\jackson\core\jackson-annotations\2.15.4\jackson-annotations-2.15.4.jar;C:\Users\acer\.m2\repository\com\fasterxml\jackson\core\jackson-core\2.15.4\jackson-core-2.15.4.jar;C:\Users\acer\.m2\repository\org\projectlombok\lombok\1.18.30\lombok-1.18.30.jar;C:\Users\acer\.m2\repository\org\springframework\boot\spring-boot-starter-test\3.2.3\spring-boot-starter-test-3.2.3.jar;C:\Users\acer\.m2\repository\org\springframework\boot\spring-boot-test\3.2.3\spring-boot-test-3.2.3.jar;C:\Users\acer\.m2\repository\org\springframework\boot\spring-boot-test-autoconfigure\3.2.3\spring-boot-test-autoconfigure-3.2.3.jar;C:\Users\acer\.m2\repository\com\jayway\jsonpath\json-path\2.9.0\json-path-2.9.0.jar;C:\Users\acer\.m2\repository\jakarta\xml\bind\jakarta.xml.bind-api\4.0.1\jakarta.xml.bind-api-4.0.1.jar;C:\Users\acer\.m2\repository\jakarta\activation\jakarta.activation-api\2.1.2\jakarta.activation-api-2.1.2.jar;C:\Users\acer\.m2\repository\net\minidev\json-smart\2.5.0\json-smart-2.5.0.jar;C:\Users\acer\.m2\repository\net\minidev\accessors-smart\2.5.0\accessors-smart-2.5.0.jar;C:\Users\acer\.m2\repository\org\ow2\asm\asm\9.3\asm-9.3.jar;C:\Users\acer\.m2\repository\org\assertj\assertj-core\3.24.2\assertj-core-3.24.2.jar;C:\Users\acer\.m2\repository\org\awaitility\awaitility\4.2.0\awaitility-4.2.0.jar;C:\Users\acer\.m2\repository\org\hamcrest\hamcrest\2.2\hamcrest-2.2.jar;C:\Users\acer\.m2\repository\org\junit\jupiter\junit-jupiter\5.10.2\junit-jupiter-5.10.2.jar;C:\Users\acer\.m2\repository\org\junit\jupiter\junit-jupiter-api\5.10.2\junit-jupiter-api-5.10.2.jar;C:\Users\acer\.m2\repository\org\opentest4j\opentest4j\1.3.0\opentest4j-1.3.0.jar;C:\Users\acer\.m2\repository\org\junit\platform\junit-platform-commons\1.10.2\junit-platform-commons-1.10.2.jar;C:\Users\acer\.m2\repository\org\apiguardian\apiguardian-api\1.1.2\apiguardian-api-1.1.2.jar;C:\Users\acer\.m2\repository\org\junit\jupiter\junit-jupiter-params\5.10.2\junit-jupiter-params-5.10.2.jar;C:\Users\acer\.m2\repository\org\junit\jupiter\junit-jupiter-engine\5.10.2\junit-jupiter-engine-5.10.2.jar;C:\Users\acer\.m2\repository\org\junit\platform\junit-platform-engine\1.10.2\junit-platform-engine-1.10.2.jar;C:\Users\acer\.m2\repository\org\mockito\mockito-core\5.7.0\mockito-core-5.7.0.jar;C:\Users\acer\.m2\repository\net\bytebuddy\byte-buddy-agent\1.14.12\byte-buddy-agent-1.14.12.jar;C:\Users\acer\.m2\repository\org\objenesis\objenesis\3.3\objenesis-3.3.jar;C:\Users\acer\.m2\repository\org\mockito\mockito-junit-jupiter\5.7.0\mockito-junit-jupiter-5.7.0.jar;C:\Users\acer\.m2\repository\org\skyscreamer\jsonassert\1.5.1\jsonassert-1.5.1.jar;C:\Users\acer\.m2\repository\com\vaadin\external\google\android-json\0.0.20131108.vaadin1\android-json-0.0.20131108.vaadin1.jar;C:\Users\acer\.m2\repository\org\springframework\spring-core\6.1.4\spring-core-6.1.4.jar;C:\Users\acer\.m2\repository\org\springframework\spring-jcl\6.1.4\spring-jcl-6.1.4.jar;C:\Users\acer\.m2\repository\org\springframework\spring-test\6.1.4\spring-test-6.1.4.jar;C:\Users\acer\.m2\repository\org\xmlunit\xmlunit-core\2.9.1\xmlunit-core-2.9.1.jar;C:\Users\acer\.m2\repository\org\springframework\security\spring-security-test\6.2.2\spring-security-test-6.2.2.jar;C:\Users\acer\.m2\repository\org\springframework\security\spring-security-core\6.2.2\spring-security-core-6.2.2.jar;C:\Users\acer\.m2\repository\org\springframework\security\spring-security-crypto\6.2.2\spring-security-crypto-6.2.2.jar;C:\Users\acer\.m2\repository\org\springdoc\springdoc-openapi-starter-webmvc-ui\2.2.0\springdoc-openapi-starter-webmvc-ui-2.2.0.jar;C:\Users\acer\.m2\repository\org\springdoc\springdoc-openapi-starter-webmvc-api\2.2.0\springdoc-openapi-starter-webmvc-api-2.2.0.jar;C:\Users\acer\.m2\repository\org\springdoc\springdoc-openapi-starter-common\2.2.0\springdoc-openapi-starter-common-2.2.0.jar;C:\Users\acer\.m2\repository\io\swagger\core\v3\swagger-core-jakarta\2.2.15\swagger-core-jakarta-2.2.15.jar;C:\Users\acer\.m2\repository\org\apache\commons\commons-lang3\3.13.0\commons-lang3-3.13.0.jar;C:\Users\acer\.m2\repository\io\swagger\core\v3\swagger-annotations-jakarta\2.2.15\swagger-annotations-jakarta-2.2.15.jar;C:\Users\acer\.m2\repository\io\swagger\core\v3\swagger-models-jakarta\2.2.15\swagger-models-jakarta-2.2.15.jar;C:\Users\acer\.m2\repository\com\fasterxml\jackson\dataformat\jackson-dataformat-yaml\2.15.4\jackson-dataformat-yaml-2.15.4.jar;C:\Users\acer\.m2\repository\org\webjars\swagger-ui\5.2.0\swagger-ui-5.2.0.jar;"/>
    <property name="java.vm.vendor" value="Oracle Corporation"/>
    <property name="sun.arch.data.model" value="64"/>
    <property name="user.variant" value=""/>
    <property name="java.vendor.url" value="https://java.oracle.com/"/>
    <property name="user.timezone" value="Europe/Sofia"/>
    <property name="org.jboss.logging.provider" value="slf4j"/>
    <property name="os.name" value="Windows 11"/>
    <property name="java.vm.specification.version" value="22"/>
    <property name="sun.java.launcher" value="SUN_STANDARD"/>
    <property name="user.country" value="GB"/>
    <property name="sun.boot.library.path" value="C:\Program Files\Java\jdk-22\bin"/>
    <property name="sun.java.command" value="C:\Users\acer\AppData\Local\Temp\surefire168222220200363133\surefirebooter-20250430114232725_3.jar C:\Users\acer\AppData\Local\Temp\surefire168222220200363133 2025-04-30T11-42-32_575-jvmRun1 surefire-20250430114232725_1tmp surefire_0-20250430114232725_2tmp"/>
    <property name="jdk.debug" value="release"/>
    <property name="surefire.test.class.path" value="C:\Users\acer\Documents\GitHub\Food-delivery---SAP-Project\food_delivery_app\target\test-classes;C:\Users\acer\Documents\GitHub\Food-delivery---SAP-Project\food_delivery_app\target\classes;C:\Users\acer\.m2\repository\org\springframework\boot\spring-boot-starter-web\3.2.3\spring-boot-starter-web-3.2.3.jar;C:\Users\acer\.m2\repository\org\springframework\boot\spring-boot-starter\3.2.3\spring-boot-starter-3.2.3.jar;C:\Users\acer\.m2\repository\org\springframework\boot\spring-boot\3.2.3\spring-boot-3.2.3.jar;C:\Users\acer\.m2\repository\org\springframework\boot\spring-boot-autoconfigure\3.2.3\spring-boot-autoconfigure-3.2.3.jar;C:\Users\acer\.m2\repository\org\springframework\boot\spring-boot-starter-logging\3.2.3\spring-boot-starter-logging-3.2.3.jar;C:\Users\acer\.m2\repository\ch\qos\logback\logback-classic\1.4.14\logback-classic-1.4.14.jar;C:\Users\acer\.m2\repository\ch\qos\logback\logback-core\1.4.14\logback-core-1.4.14.jar;C:\Users\acer\.m2\repository\org\apache\logging\log4j\log4j-to-slf4j\2.21.1\log4j-to-slf4j-2.21.1.jar;C:\Users\acer\.m2\repository\org\apache\logging\log4j\log4j-api\2.21.1\log4j-api-2.21.1.jar;C:\Users\acer\.m2\repository\org\slf4j\jul-to-slf4j\2.0.12\jul-to-slf4j-2.0.12.jar;C:\Users\acer\.m2\repository\jakarta\annotation\jakarta.annotation-api\2.1.1\jakarta.annotation-api-2.1.1.jar;C:\Users\acer\.m2\repository\org\yaml\snakeyaml\2.2\snakeyaml-2.2.jar;C:\Users\acer\.m2\repository\org\springframework\boot\spring-boot-starter-json\3.2.3\spring-boot-starter-json-3.2.3.jar;C:\Users\acer\.m2\repository\com\fasterxml\jackson\datatype\jackson-datatype-jdk8\2.15.4\jackson-datatype-jdk8-2.15.4.jar;C:\Users\acer\.m2\repository\com\fasterxml\jackson\datatype\jackson-datatype-jsr310\2.15.4\jackson-datatype-jsr310-2.15.4.jar;C:\Users\acer\.m2\repository\com\fasterxml\jackson\module\jackson-module-parameter-names\2.15.4\jackson-module-parameter-names-2.15.4.jar;C:\Users\acer\.m2\repository\org\springframework\boot\spring-boot-starter-tomcat\3.2.3\spring-boot-starter-tomcat-3.2.3.jar;C:\Users\acer\.m2\repository\org\apache\tomcat\embed\tomcat-embed-core\10.1.19\tomcat-embed-core-10.1.19.jar;C:\Users\acer\.m2\repository\org\apache\tomcat\embed\tomcat-embed-websocket\10.1.19\tomcat-embed-websocket-10.1.19.jar;C:\Users\acer\.m2\repository\org\springframework\spring-web\6.1.4\spring-web-6.1.4.jar;C:\Users\acer\.m2\repository\org\springframework\spring-beans\6.1.4\spring-beans-6.1.4.jar;C:\Users\acer\.m2\repository\io\micrometer\micrometer-observation\1.12.3\micrometer-observation-1.12.3.jar;C:\Users\acer\.m2\repository\io\micrometer\micrometer-commons\1.12.3\micrometer-commons-1.12.3.jar;C:\Users\acer\.m2\repository\org\springframework\spring-webmvc\6.1.4\spring-webmvc-6.1.4.jar;C:\Users\acer\.m2\repository\org\springframework\spring-context\6.1.4\spring-context-6.1.4.jar;C:\Users\acer\.m2\repository\org\springframework\spring-expression\6.1.4\spring-expression-6.1.4.jar;C:\Users\acer\.m2\repository\org\springframework\boot\spring-boot-starter-data-jpa\3.2.3\spring-boot-starter-data-jpa-3.2.3.jar;C:\Users\acer\.m2\repository\org\springframework\boot\spring-boot-starter-aop\3.2.3\spring-boot-starter-aop-3.2.3.jar;C:\Users\acer\.m2\repository\org\aspectj\aspectjweaver\1.9.21\aspectjweaver-1.9.21.jar;C:\Users\acer\.m2\repository\org\springframework\boot\spring-boot-starter-jdbc\3.2.3\spring-boot-starter-jdbc-3.2.3.jar;C:\Users\acer\.m2\repository\com\zaxxer\HikariCP\5.0.1\HikariCP-5.0.1.jar;C:\Users\acer\.m2\repository\org\springframework\spring-jdbc\6.1.4\spring-jdbc-6.1.4.jar;C:\Users\acer\.m2\repository\org\hibernate\orm\hibernate-core\6.4.4.Final\hibernate-core-6.4.4.Final.jar;C:\Users\acer\.m2\repository\jakarta\persistence\jakarta.persistence-api\3.1.0\jakarta.persistence-api-3.1.0.jar;C:\Users\acer\.m2\repository\jakarta\transaction\jakarta.transaction-api\2.0.1\jakarta.transaction-api-2.0.1.jar;C:\Users\acer\.m2\repository\org\jboss\logging\jboss-logging\3.5.3.Final\jboss-logging-3.5.3.Final.jar;C:\Users\acer\.m2\repository\org\hibernate\common\hibernate-commons-annotations\6.0.6.Final\hibernate-commons-annotations-6.0.6.Final.jar;C:\Users\acer\.m2\repository\io\smallrye\jandex\3.1.2\jandex-3.1.2.jar;C:\Users\acer\.m2\repository\com\fasterxml\classmate\1.6.0\classmate-1.6.0.jar;C:\Users\acer\.m2\repository\net\bytebuddy\byte-buddy\1.14.12\byte-buddy-1.14.12.jar;C:\Users\acer\.m2\repository\org\glassfish\jaxb\jaxb-runtime\4.0.4\jaxb-runtime-4.0.4.jar;C:\Users\acer\.m2\repository\org\glassfish\jaxb\jaxb-core\4.0.4\jaxb-core-4.0.4.jar;C:\Users\acer\.m2\repository\org\eclipse\angus\angus-activation\2.0.1\angus-activation-2.0.1.jar;C:\Users\acer\.m2\repository\org\glassfish\jaxb\txw2\4.0.4\txw2-4.0.4.jar;C:\Users\acer\.m2\repository\com\sun\istack\istack-commons-runtime\4.1.2\istack-commons-runtime-4.1.2.jar;C:\Users\acer\.m2\repository\jakarta\inject\jakarta.inject-api\2.0.1\jakarta.inject-api-2.0.1.jar;C:\Users\acer\.m2\repository\org\antlr\antlr4-runtime\4.13.0\antlr4-runtime-4.13.0.jar;C:\Users\acer\.m2\repository\org\springframework\data\spring-data-jpa\3.2.3\spring-data-jpa-3.2.3.jar;C:\Users\acer\.m2\repository\org\springframework\data\spring-data-commons\3.2.3\spring-data-commons-3.2.3.jar;C:\Users\acer\.m2\repository\org\springframework\spring-orm\6.1.4\spring-orm-6.1.4.jar;C:\Users\acer\.m2\repository\org\springframework\spring-tx\6.1.4\spring-tx-6.1.4.jar;C:\Users\acer\.m2\repository\org\slf4j\slf4j-api\2.0.12\slf4j-api-2.0.12.jar;C:\Users\acer\.m2\repository\org\springframework\spring-aspects\6.1.4\spring-aspects-6.1.4.jar;C:\Users\acer\.m2\repository\org\springframework\boot\spring-boot-starter-security\3.2.3\spring-boot-starter-security-3.2.3.jar;C:\Users\acer\.m2\repository\org\springframework\spring-aop\6.1.4\spring-aop-6.1.4.jar;C:\Users\acer\.m2\repository\org\springframework\security\spring-security-config\6.2.2\spring-security-config-6.2.2.jar;C:\Users\acer\.m2\repository\org\springframework\security\spring-security-web\6.2.2\spring-security-web-6.2.2.jar;C:\Users\acer\.m2\repository\org\springframework\boot\spring-boot-starter-validation\3.2.3\spring-boot-starter-validation-3.2.3.jar;C:\Users\acer\.m2\repository\org\apache\tomcat\embed\tomcat-embed-el\10.1.19\tomcat-embed-el-10.1.19.jar;C:\Users\acer\.m2\repository\org\hibernate\validator\hibernate-validator\8.0.1.Final\hibernate-validator-8.0.1.Final.jar;C:\Users\acer\.m2\repository\jakarta\validation\jakarta.validation-api\3.0.2\jakarta.validation-api-3.0.2.jar;C:\Users\acer\.m2\repository\com\mysql\mysql-connector-j\8.3.0\mysql-connector-j-8.3.0.jar;C:\Users\acer\.m2\repository\io\jsonwebtoken\jjwt-api\0.11.5\jjwt-api-0.11.5.jar;C:\Users\acer\.m2\repository\io\jsonwebtoken\jjwt-impl\0.11.5\jjwt-impl-0.11.5.jar;C:\Users\acer\.m2\repository\io\jsonwebtoken\jjwt-jackson\0.11.5\jjwt-jackson-0.11.5.jar;C:\Users\acer\.m2\repository\com\fasterxml\jackson\core\jackson-databind\2.15.4\jackson-databind-2.15.4.jar;C:\Users\acer\.m2\repository\com\fasterxml\jackson\core\jackson-annotations\2.15.4\jackson-annotations-2.15.4.jar;C:\Users\acer\.m2\repository\com\fasterxml\jackson\core\jackson-core\2.15.4\jackson-core-2.15.4.jar;C:\Users\acer\.m2\repository\org\projectlombok\lombok\1.18.30\lombok-1.18.30.jar;C:\Users\acer\.m2\repository\org\springframework\boot\spring-boot-starter-test\3.2.3\spring-boot-starter-test-3.2.3.jar;C:\Users\acer\.m2\repository\org\springframework\boot\spring-boot-test\3.2.3\spring-boot-test-3.2.3.jar;C:\Users\acer\.m2\repository\org\springframework\boot\spring-boot-test-autoconfigure\3.2.3\spring-boot-test-autoconfigure-3.2.3.jar;C:\Users\acer\.m2\repository\com\jayway\jsonpath\json-path\2.9.0\json-path-2.9.0.jar;C:\Users\acer\.m2\repository\jakarta\xml\bind\jakarta.xml.bind-api\4.0.1\jakarta.xml.bind-api-4.0.1.jar;C:\Users\acer\.m2\repository\jakarta\activation\jakarta.activation-api\2.1.2\jakarta.activation-api-2.1.2.jar;C:\Users\acer\.m2\repository\net\minidev\json-smart\2.5.0\json-smart-2.5.0.jar;C:\Users\acer\.m2\repository\net\minidev\accessors-smart\2.5.0\accessors-smart-2.5.0.jar;C:\Users\acer\.m2\repository\org\ow2\asm\asm\9.3\asm-9.3.jar;C:\Users\acer\.m2\repository\org\assertj\assertj-core\3.24.2\assertj-core-3.24.2.jar;C:\Users\acer\.m2\repository\org\awaitility\awaitility\4.2.0\awaitility-4.2.0.jar;C:\Users\acer\.m2\repository\org\hamcrest\hamcrest\2.2\hamcrest-2.2.jar;C:\Users\acer\.m2\repository\org\junit\jupiter\junit-jupiter\5.10.2\junit-jupiter-5.10.2.jar;C:\Users\acer\.m2\repository\org\junit\jupiter\junit-jupiter-api\5.10.2\junit-jupiter-api-5.10.2.jar;C:\Users\acer\.m2\repository\org\opentest4j\opentest4j\1.3.0\opentest4j-1.3.0.jar;C:\Users\acer\.m2\repository\org\junit\platform\junit-platform-commons\1.10.2\junit-platform-commons-1.10.2.jar;C:\Users\acer\.m2\repository\org\apiguardian\apiguardian-api\1.1.2\apiguardian-api-1.1.2.jar;C:\Users\acer\.m2\repository\org\junit\jupiter\junit-jupiter-params\5.10.2\junit-jupiter-params-5.10.2.jar;C:\Users\acer\.m2\repository\org\junit\jupiter\junit-jupiter-engine\5.10.2\junit-jupiter-engine-5.10.2.jar;C:\Users\acer\.m2\repository\org\junit\platform\junit-platform-engine\1.10.2\junit-platform-engine-1.10.2.jar;C:\Users\acer\.m2\repository\org\mockito\mockito-core\5.7.0\mockito-core-5.7.0.jar;C:\Users\acer\.m2\repository\net\bytebuddy\byte-buddy-agent\1.14.12\byte-buddy-agent-1.14.12.jar;C:\Users\acer\.m2\repository\org\objenesis\objenesis\3.3\objenesis-3.3.jar;C:\Users\acer\.m2\repository\org\mockito\mockito-junit-jupiter\5.7.0\mockito-junit-jupiter-5.7.0.jar;C:\Users\acer\.m2\repository\org\skyscreamer\jsonassert\1.5.1\jsonassert-1.5.1.jar;C:\Users\acer\.m2\repository\com\vaadin\external\google\android-json\0.0.20131108.vaadin1\android-json-0.0.20131108.vaadin1.jar;C:\Users\acer\.m2\repository\org\springframework\spring-core\6.1.4\spring-core-6.1.4.jar;C:\Users\acer\.m2\repository\org\springframework\spring-jcl\6.1.4\spring-jcl-6.1.4.jar;C:\Users\acer\.m2\repository\org\springframework\spring-test\6.1.4\spring-test-6.1.4.jar;C:\Users\acer\.m2\repository\org\xmlunit\xmlunit-core\2.9.1\xmlunit-core-2.9.1.jar;C:\Users\acer\.m2\repository\org\springframework\security\spring-security-test\6.2.2\spring-security-test-6.2.2.jar;C:\Users\acer\.m2\repository\org\springframework\security\spring-security-core\6.2.2\spring-security-core-6.2.2.jar;C:\Users\acer\.m2\repository\org\springframework\security\spring-security-crypto\6.2.2\spring-security-crypto-6.2.2.jar;C:\Users\acer\.m2\repository\org\springdoc\springdoc-openapi-starter-webmvc-ui\2.2.0\springdoc-openapi-starter-webmvc-ui-2.2.0.jar;C:\Users\acer\.m2\repository\org\springdoc\springdoc-openapi-starter-webmvc-api\2.2.0\springdoc-openapi-starter-webmvc-api-2.2.0.jar;C:\Users\acer\.m2\repository\org\springdoc\springdoc-openapi-starter-common\2.2.0\springdoc-openapi-starter-common-2.2.0.jar;C:\Users\acer\.m2\repository\io\swagger\core\v3\swagger-core-jakarta\2.2.15\swagger-core-jakarta-2.2.15.jar;C:\Users\acer\.m2\repository\org\apache\commons\commons-lang3\3.13.0\commons-lang3-3.13.0.jar;C:\Users\acer\.m2\repository\io\swagger\core\v3\swagger-annotations-jakarta\2.2.15\swagger-annotations-jakarta-2.2.15.jar;C:\Users\acer\.m2\repository\io\swagger\core\v3\swagger-models-jakarta\2.2.15\swagger-models-jakarta-2.2.15.jar;C:\Users\acer\.m2\repository\com\fasterxml\jackson\dataformat\jackson-dataformat-yaml\2.15.4\jackson-dataformat-yaml-2.15.4.jar;C:\Users\acer\.m2\repository\org\webjars\swagger-ui\5.2.0\swagger-ui-5.2.0.jar;"/>
    <property name="sun.cpu.endian" value="little"/>
    <property name="user.home" value="C:\Users\acer"/>
    <property name="user.language" value="en"/>
    <property name="java.specification.vendor" value="Oracle Corporation"/>
    <property name="java.version.date" value="2024-07-16"/>
    <property name="java.home" value="C:\Program Files\Java\jdk-22"/>
    <property name="file.separator" value="\"/>
    <property name="basedir" value="C:\Users\acer\Documents\GitHub\Food-delivery---SAP-Project\food_delivery_app"/>
    <property name="java.vm.compressedOopsMode" value="Zero based"/>
    <property name="line.separator" value="&#10;"/>
    <property name="java.vm.specification.vendor" value="Oracle Corporation"/>
    <property name="java.specification.name" value="Java Platform API Specification"/>
    <property name="FILE_LOG_CHARSET" value="UTF-8"/>
    <property name="java.awt.headless" value="true"/>
    <property name="surefire.real.class.path" value="C:\Users\acer\AppData\Local\Temp\surefire168222220200363133\surefirebooter-20250430114232725_3.jar"/>
    <property name="user.script" value=""/>
    <property name="sun.management.compiler" value="HotSpot 64-Bit Tiered Compilers"/>
    <property name="java.runtime.version" value="22.0.2+9-70"/>
    <property name="user.name" value="acer"/>
    <property name="stdout.encoding" value="Cp1251"/>
    <property name="path.separator" value=";"/>
    <property name="os.version" value="10.0"/>
    <property name="java.runtime.name" value="Java(TM) SE Runtime Environment"/>
    <property name="file.encoding" value="UTF-8"/>
    <property name="java.vm.name" value="Java HotSpot(TM) 64-Bit Server VM"/>
    <property name="localRepository" value="C:\Users\acer\.m2\repository"/>
    <property name="java.vendor.url.bug" value="https://bugreport.java.com/bugreport/"/>
    <property name="java.io.tmpdir" value="C:\Users\acer\AppData\Local\Temp\"/>
    <property name="com.zaxxer.hikari.pool_number" value="2"/>
    <property name="java.version" value="22.0.2"/>
    <property name="user.dir" value="C:\Users\acer\Documents\GitHub\Food-delivery---SAP-Project\food_delivery_app"/>
    <property name="os.arch" value="amd64"/>
    <property name="java.vm.specification.name" value="Java Virtual Machine Specification"/>
    <property name="PID" value="35708"/>
    <property name="sun.os.patch.level" value=""/>
    <property name="CONSOLE_LOG_CHARSET" value="UTF-8"/>
    <property name="native.encoding" value="Cp1251"/>
    <property name="java.library.path" value="C:\Program Files\Java\jdk-22\bin;C:\WINDOWS\Sun\Java\bin;C:\WINDOWS\system32;C:\WINDOWS;C:\Program Files\Common Files\Oracle\Java\javapath;C:\WINDOWS\system32;C:\WINDOWS;C:\WINDOWS\System32\Wbem;C:\WINDOWS\System32\WindowsPowerShell\v1.0\;C:\WINDOWS\System32\OpenSSH\;C:\Program Files\dotnet\;C:\Program Files\nodejs\;C:\Program Files\Git\cmd;C:\Users\tuc\AppData\Local\Programs\Python\Python3.13\;C:\Users\tuc\AppData\Local\Programs\Python\Python3.13\Scripts\;;C:\Program Files\Docker\Docker\resources\bin;C:\Users\acer\AppData\Local\Programs\Python\Launcher\;C:\Users\acer\AppData\Local\Microsoft\WindowsApps;C:\Users\acer\AppData\Local\Programs\Microsoft VS Code\bin;C:\msys64\ucrt64\bin;C:\Program Files\Java\jdk-22.0.2\bin;C:\Users\acer\AppData\Local\GitHubDesktop\bin;C:\Users\acer\AppData\Roaming\npm;C:\Users\tuc\AppData\Local\Programs\Python\Python3.13\;C:\Users\tuc\AppData\Local\Programs\Python\Python3.13\Scripts\;C:\Program Files\Acer\apache-maven-3.9.9\bin;C:\Users\acer\AppData\Local\Programs\cursor\resources\app\bin;."/>
    <property name="java.vm.info" value="mixed mode, sharing"/>
    <property name="stderr.encoding" value="Cp1251"/>
    <property name="java.vendor" value="Oracle Corporation"/>
    <property name="java.vm.version" value="22.0.2+9-70"/>
    <property name="sun.io.unicode.encoding" value="UnicodeLittle"/>
    <property name="java.class.version" value="66.0"/>
  </properties>
  <testcase name="itShouldFindExistingUserByEmail" classname="com.example.food_delivery_app.repository.UserRepositoryTest" time="0.043">
    <system-out><![CDATA[2025-04-30T11:42:42.078+03:00  INFO 35708 --- [           main] t.c.s.AnnotationConfigContextLoaderUtils : Could not detect default configuration classes for test class [com.example.food_delivery_app.repository.UserRepositoryTest]: UserRepositoryTest does not declare any static, non-private, non-final, nested classes annotated with @Configuration.
2025-04-30T11:42:42.086+03:00  INFO 35708 --- [           main] .b.t.c.SpringBootTestContextBootstrapper : Found @SpringBootConfiguration com.example.food_delivery_app.FoodDeliveryApplication for test class com.example.food_delivery_app.repository.UserRepositoryTest

  .   ____          _            __ _ _
 /\\ / ___'_ __ _ _(_)_ __  __ _ \ \ \ \
( ( )\___ | '_ | '_| | '_ \/ _` | \ \ \ \
 \\/  ___)| |_)| | | | | || (_| |  ) ) ) )
  '  |____| .__|_| |_|_| |_\__, | / / / /
 =========|_|==============|___/=/_/_/_/
 :: Spring Boot ::                (v3.2.3)

2025-04-30T11:42:42.110+03:00  INFO 35708 --- [           main] c.e.f.repository.UserRepositoryTest      : Starting UserRepositoryTest using Java 22.0.2 with PID 35708 (started by acer in C:\Users\acer\Documents\GitHub\Food-delivery---SAP-Project\food_delivery_app)
2025-04-30T11:42:42.110+03:00  INFO 35708 --- [           main] c.e.f.repository.UserRepositoryTest      : The following 1 profile is active: "test"
2025-04-30T11:42:42.221+03:00  INFO 35708 --- [           main] .s.d.r.c.RepositoryConfigurationDelegate : Bootstrapping Spring Data JPA repositories in DEFAULT mode.
2025-04-30T11:42:42.245+03:00  INFO 35708 --- [           main] .s.d.r.c.RepositoryConfigurationDelegate : Finished Spring Data repository scanning in 23 ms. Found 11 JPA repository interfaces.
2025-04-30T11:42:42.303+03:00  INFO 35708 --- [           main] o.hibernate.jpa.internal.util.LogHelper  : HHH000204: Processing PersistenceUnitInfo [name: default]
2025-04-30T11:42:42.305+03:00  INFO 35708 --- [           main] o.h.c.internal.RegionFactoryInitiator    : HHH000026: Second-level cache disabled
2025-04-30T11:42:42.311+03:00  INFO 35708 --- [           main] o.s.o.j.p.SpringPersistenceUnitInfo      : No LoadTimeWeaver setup: ignoring JPA class transformer
2025-04-30T11:42:42.312+03:00  INFO 35708 --- [           main] com.zaxxer.hikari.HikariDataSource       : HikariPool-2 - Starting...
2025-04-30T11:42:42.329+03:00  INFO 35708 --- [           main] com.zaxxer.hikari.pool.HikariPool        : HikariPool-2 - Added connection com.mysql.cj.jdbc.ConnectionImpl@315a9738
2025-04-30T11:42:42.330+03:00  INFO 35708 --- [           main] com.zaxxer.hikari.HikariDataSource       : HikariPool-2 - Start completed.
2025-04-30T11:42:42.331+03:00  WARN 35708 --- [           main] org.hibernate.orm.deprecation            : HHH90000025: MySQLDialect does not need to be specified explicitly using 'hibernate.dialect' (remove the property setting and it will be selected by default)
2025-04-30T11:42:42.657+03:00  INFO 35708 --- [           main] o.h.e.t.j.p.i.JtaPlatformInitiator       : HHH000489: No JTA platform available (set 'hibernate.transaction.jta.platform' to enable JTA platform integration)
Hibernate: 
    alter table bonus 
       drop 
       foreign key FK8irtcs909mvgkjnafh60s6da0
Hibernate: 
    alter table bonus 
       drop 
       foreign key FKdefb31n5ow4dcj89hbdteva13
Hibernate: 
    alter table cart_items 
       drop 
       foreign key FKpcttvuq4mxppo8sxggjtn5i2c
Hibernate: 
    alter table cart_items 
       drop 
       foreign key FKfgj1vb0wkn2gf7iowbxsgon5h
Hibernate: 
    alter table carts 
       drop 
       foreign key FKb5o626f86h46m4s7ms6ginnop
Hibernate: 
    alter table category 
       drop 
       foreign key FK7ld4ysop2r15rbwxiue1ko5eb
Hibernate: 
    alter table delivery_info 
       drop 
       foreign key FK5jp1bmo8iwsp5y7smfty7fk94
Hibernate: 
    alter table delivery_info 
       drop 
       foreign key FKp1s4pum7u1kjekjy9j5vlni04
Hibernate: 
    alter table driver_revenue 
       drop 
       foreign key FK6hlbaw5woblca4dbyq0e83py3
Hibernate: 
    alter table favourites 
       drop 
       foreign key FK36ncekeud2j783fjfknabjo97
Hibernate: 
    alter table favourites 
       drop 
       foreign key FK51jha2sqlkr41xe24pnvnbeu2
Hibernate: 
    alter table foods 
       drop 
       foreign key FKlto096lnvn3dfml7toi92r1t9
Hibernate: 
    alter table foods 
       drop 
       foreign key FKri2j6b6x4h4y1gn9ydwx02txp
Hibernate: 
    alter table ingredients_item 
       drop 
       foreign key FKjrdf0qd7m01je9x8488kossj2
Hibernate: 
    alter table menu 
       drop 
       foreign key FKrr0ffv1553rcdbwsr7vcckipf
Hibernate: 
    alter table menu_food 
       drop 
       foreign key FK824hvc59vlfpkrcpx3vmj287c
Hibernate: 
    alter table menu_food 
       drop 
       foreign key FKi8bx1sbjkgbheqjx895ei3d6e
Hibernate: 
    alter table order_items 
       drop 
       foreign key FK1huo7mby94sw84wam6xbfaex2
Hibernate: 
    alter table order_items 
       drop 
       foreign key FKbioxgbv59vetrxe0ejfubep1w
Hibernate: 
    alter table orders 
       drop 
       foreign key FK2m9qulf12xm537bku3jnrrbup
Hibernate: 
    alter table orders 
       drop 
       foreign key FK32ql8ubntj5uh44ph9659tiih
Hibernate: 
    alter table payments 
       drop 
       foreign key FK81gagumt0r8y3rmudcgpbk42l
Hibernate: 
    alter table payments 
       drop 
       foreign key FKj94hgy9v5fw1munb90tar2eje
Hibernate: 
    alter table rating 
       drop 
       foreign key FK8bufjabvxu9e9ys9ntk3o3bi3
Hibernate: 
    alter table rating 
       drop 
       foreign key FKhce8tn0bh31bkx1cs91s8is45
Hibernate: 
    alter table rating 
       drop 
       foreign key FKhph1603b2838xte6a1yl50v4y
Hibernate: 
    alter table restaurant_images 
       drop 
       foreign key FKbmmp3cu8ngu5qigoh8yko81qu
Hibernate: 
    alter table restaurant_turnover 
       drop 
       foreign key FKipv439haede60obrgvesr8vmn
Hibernate: 
    alter table restaurants 
       drop 
       foreign key FKd0pdl0qshbqxf3n29mfh5ds5b
Hibernate: 
    alter table restaurants 
       drop 
       foreign key FKbhrf387h813uu1rg5wbqwy08u
Hibernate: 
    alter table reviews 
       drop 
       foreign key FK81nkg9op14w8c6hw7f25f029i
Hibernate: 
    alter table reviews 
       drop 
       foreign key FK2x2x74lnliqmt91bc1w95ll8n
Hibernate: 
    alter table reviews 
       drop 
       foreign key FKsu8ow2q842enesfbqphjrfi5g
Hibernate: 
    alter table reviews 
       drop 
       foreign key FKcgy7qjc1r99dp117y9en6lxye
Hibernate: 
    alter table user_favourites 
       drop 
       foreign key FKsotykjapinh9k0qddenalw94k
Hibernate: 
    alter table users_adresses 
       drop 
       foreign key FKkyfk5eu9o8nlilucycdjyngyr
Hibernate: 
    alter table users_adresses 
       drop 
       foreign key FK5oifyy7ui1fetdopc0manatr4
Hibernate: 
    drop table if exists address
Hibernate: 
    drop table if exists bonus
Hibernate: 
    drop table if exists cart_items
Hibernate: 
    drop table if exists carts
Hibernate: 
    drop table if exists category
Hibernate: 
    drop table if exists delivery_info
Hibernate: 
    drop table if exists driver_revenue
Hibernate: 
    drop table if exists favourites
Hibernate: 
    drop table if exists foods
Hibernate: 
    drop table if exists ingredients_item
Hibernate: 
    drop table if exists menu
Hibernate: 
    drop table if exists menu_food
Hibernate: 
    drop table if exists order_items
Hibernate: 
    drop table if exists orders
Hibernate: 
    drop table if exists payments
Hibernate: 
    drop table if exists rating
Hibernate: 
    drop table if exists restaurant_images
Hibernate: 
    drop table if exists restaurant_turnover
Hibernate: 
    drop table if exists restaurant_turnover_seq
Hibernate: 
    drop table if exists restaurants
Hibernate: 
    drop table if exists reviews
Hibernate: 
    drop table if exists user_favourites
Hibernate: 
    drop table if exists users
Hibernate: 
    drop table if exists users_adresses
Hibernate: 
    create table address (
        addressid bigint not null auto_increment,
        city varchar(255) not null,
        country varchar(255) not null,
        state varchar(255) not null,
        street varchar(255) not null,
        primary key (addressid)
    ) engine=InnoDB
Hibernate: 
    create table bonus (
        end_date date,
        is_approved bit not null,
        start_date date,
        bonus_amount bigint,
        bonuusid bigint not null auto_increment,
        driver_id bigint,
        turnover_id bigint,
        primary key (bonuusid)
    ) engine=InnoDB
Hibernate: 
    create table cart_items (
        price float(53) not null,
        quantity integer not null,
        cart_id bigint not null,
        created_at datetime(6),
        food_id bigint not null,
        id bigint not null auto_increment,
        updated_at datetime(6),
        primary key (id)
    ) engine=InnoDB
Hibernate: 
    create table carts (
        total_amount float(53) not null,
        created_at datetime(6),
        id bigint not null auto_increment,
        updated_at datetime(6),
        user_id bigint not null,
        primary key (id)
    ) engine=InnoDB
Hibernate: 
    create table category (
        categoryid integer not null auto_increment,
        menu_id bigint,
        category_name varchar(255),
        primary key (categoryid)
    ) engine=InnoDB
Hibernate: 
    create table delivery_info (
        delivery_date datetime(6),
        deliveryid bigint not null auto_increment,
        driver_id bigint,
        order_id bigint,
        delivery_status enum ('PENDING','IN_PROGRESS','DELIVERED','FAILED'),
        primary key (deliveryid)
    ) engine=InnoDB
Hibernate: 
    create table driver_revenue (
        end_date date,
        start_date date,
        driver_id bigint,
        revenueid bigint not null auto_increment,
        total_revenue bigint,
        primary key (revenueid)
    ) engine=InnoDB
Hibernate: 
    create table favourites (
        customer_id bigint,
        favouriteid bigint not null auto_increment,
        restaurant_id bigint,
        primary key (favouriteid)
    ) engine=InnoDB
Hibernate: 
    create table foods (
        average_rating float(53) not null,
        category_id integer,
        is_available bit not null,
        price float(53) not null,
        id bigint not null auto_increment,
        restaurant_id bigint not null,
        description varchar(255) not null,
        image_url varchar(255) not null,
        name varchar(255) not null,
        primary key (id)
    ) engine=InnoDB
Hibernate: 
    create table ingredients_item (
        ingredientid integer not null auto_increment,
        food_id bigint,
        ingredient_name varchar(255),
        primary key (ingredientid)
    ) engine=InnoDB
Hibernate: 
    create table menu (
        menuid bigint not null auto_increment,
        restaurant_id bigint,
        category_name varchar(255),
        primary key (menuid)
    ) engine=InnoDB
Hibernate: 
    create table menu_food (
        food_id bigint not null,
        menu_id bigint not null
    ) engine=InnoDB
Hibernate: 
    create table order_items (
        price float(53) not null,
        quantity integer not null,
        created_at datetime(6),
        food_id bigint not null,
        id bigint not null auto_increment,
        order_id bigint not null,
        updated_at datetime(6),
        primary key (id)
    ) engine=InnoDB
Hibernate: 
    create table orders (
        items_quantity integer not null,
        total_amount float(53) not null,
        total_price float(23) not null,
        created_at datetime(6),
        id bigint not null auto_increment,
        restaurant_id bigint not null,
        updated_at datetime(6),
        user_id bigint not null,
        contact_number varchar(255) not null,
        delivery_address varchar(255) not null,
        special_instructions varchar(255),
        status enum ('PENDING','CONFIRMED','PREPARING','READY_FOR_DELIVERY','OUT_FOR_DELIVERY','DELIVERED','CANCELLED') not null,
        primary key (id)
    ) engine=InnoDB
Hibernate: 
    create table payments (
        amount float(53) not null,
        created_at datetime(6) not null,
        id bigint not null auto_increment,
        order_id bigint not null,
        updated_at datetime(6) not null,
        user_id bigint not null,
        payment_method varchar(255) not null,
        transaction_id varchar(255) not null,
        status enum ('PENDING','COMPLETED','FAILED','REFUNDED') not null,
        primary key (id)
    ) engine=InnoDB
Hibernate: 
    create table rating (
        rating integer not null,
        customer_id bigint,
        order_item_id bigint,
        ratingid bigint not null auto_increment,
        restaurant_id bigint,
        comment varchar(255),
        primary key (ratingid)
    ) engine=InnoDB
Hibernate: 
    create table restaurant_images (
        restaurant_restaurantid bigint not null,
        images varchar(1000)
    ) engine=InnoDB
Hibernate: 
    create table restaurant_turnover (
        end_date date,
        start_date date,
        restaurant_id bigint,
        total_turnover bigint,
        turnoverid bigint not null,
        primary key (turnoverid)
    ) engine=InnoDB
Hibernate: 
    create table restaurant_turnover_seq (
        next_val bigint
    ) engine=InnoDB
Hibernate: 
    insert into restaurant_turnover_seq values ( 1 )
Hibernate: 
    create table restaurants (
        average_rating float(53) not null,
        open bit not null,
        restaurant_address_id bigint,
        restaurant_user_id bigint,
        restaurantid bigint not null auto_increment,
        closing_hours varchar(255),
        email varchar(255),
        opening_hours varchar(255),
        phone varchar(255),
        restaurant_name varchar(255),
        social_media varchar(255),
        type varchar(255),
        primary key (restaurantid)
    ) engine=InnoDB
Hibernate: 
    create table reviews (
        rating integer not null,
        created_at datetime(6) not null,
        food_id bigint,
        id bigint not null auto_increment,
        order_item_id bigint,
        restaurant_id bigint,
        updated_at datetime(6) not null,
        user_id bigint,
        comment varchar(1000),
        primary key (id)
    ) engine=InnoDB
Hibernate: 
    create table user_favourites (
        id bigint,
        user_id bigint not null,
        image varbinary(1000),
        description varchar(255),
        email varchar(255),
        restaurant_address varchar(255),
        restaurant_name varchar(255)
    ) engine=InnoDB
Hibernate: 
    create table users (
        id bigint not null auto_increment,
        address varchar(255) not null,
        email varchar(255) not null,
        name varchar(255) not null,
        password varchar(255) not null,
        phone_number varchar(255) not null,
        role enum ('ROLE_ADMIN','ROLE_RESTAURANT','ROLE_CUSTOMER','ROLE_DRIVER'),
        primary key (id)
    ) engine=InnoDB
Hibernate: 
    create table users_adresses (
        adresses_addressid bigint not null,
        user_id bigint not null
    ) engine=InnoDB
Hibernate: 
    alter table carts 
       add constraint UK_64t7ox312pqal3p7fg9o503c2 unique (user_id)
Hibernate: 
    alter table delivery_info 
       add constraint UK_8mvkatmiyb1s466k71xo9ddoj unique (driver_id)
Hibernate: 
    alter table delivery_info 
       add constraint UK_743hn86wgilfhhq2axcx0datv unique (order_id)
Hibernate: 
    create index idx_driver_revenue_start 
       on driver_revenue (start_date)
Hibernate: 
    create index idx_driver_revenue_end 
       on driver_revenue (end_date)
Hibernate: 
    alter table menu 
       add constraint UK_f8ucgppk8hu6hra30opglnux3 unique (restaurant_id)
Hibernate: 
    alter table payments 
       add constraint UK_8vo36cen604as7etdfwmyjsxt unique (order_id)
Hibernate: 
    alter table payments 
       add constraint UK_lryndveuwa4k5qthti0pkmtlx unique (transaction_id)
Hibernate: 
    create index idx_start_date 
       on restaurant_turnover (start_date)
Hibernate: 
    create index idx_end_date 
       on restaurant_turnover (end_date)
Hibernate: 
    alter table restaurants 
       add constraint UK_dfx7dg3m20j8d0q3xb7l5m1gw unique (restaurant_address_id)
Hibernate: 
    alter table restaurants 
       add constraint UK_njo3ufhrc91vdt1qgxdomtrir unique (restaurant_user_id)
Hibernate: 
    alter table users 
       add constraint UK_6dotkott2kjsp8vw4d0m25fb7 unique (email)
Hibernate: 
    alter table users_adresses 
       add constraint UK_9itmjb77c2sgnlfshxahgox7a unique (adresses_addressid)
Hibernate: 
    alter table bonus 
       add constraint FK8irtcs909mvgkjnafh60s6da0 
       foreign key (driver_id) 
       references users (id)
Hibernate: 
    alter table bonus 
       add constraint FKdefb31n5ow4dcj89hbdteva13 
       foreign key (turnover_id) 
       references restaurant_turnover (turnoverid)
Hibernate: 
    alter table cart_items 
       add constraint FKpcttvuq4mxppo8sxggjtn5i2c 
       foreign key (cart_id) 
       references carts (id)
Hibernate: 
    alter table cart_items 
       add constraint FKfgj1vb0wkn2gf7iowbxsgon5h 
       foreign key (food_id) 
       references foods (id)
Hibernate: 
    alter table carts 
       add constraint FKb5o626f86h46m4s7ms6ginnop 
       foreign key (user_id) 
       references users (id)
Hibernate: 
    alter table category 
       add constraint FK7ld4ysop2r15rbwxiue1ko5eb 
       foreign key (menu_id) 
       references menu (menuid)
Hibernate: 
    alter table delivery_info 
       add constraint FK5jp1bmo8iwsp5y7smfty7fk94 
       foreign key (driver_id) 
       references users (id)
Hibernate: 
    alter table delivery_info 
       add constraint FKp1s4pum7u1kjekjy9j5vlni04 
       foreign key (order_id) 
       references orders (id)
Hibernate: 
    alter table driver_revenue 
       add constraint FK6hlbaw5woblca4dbyq0e83py3 
       foreign key (driver_id) 
       references users (id)
Hibernate: 
    alter table favourites 
       add constraint FK36ncekeud2j783fjfknabjo97 
       foreign key (customer_id) 
       references users (id)
Hibernate: 
    alter table favourites 
       add constraint FK51jha2sqlkr41xe24pnvnbeu2 
       foreign key (restaurant_id) 
       references restaurants (restaurantid)
Hibernate: 
    alter table foods 
       add constraint FKlto096lnvn3dfml7toi92r1t9 
       foreign key (category_id) 
       references category (categoryid)
Hibernate: 
    alter table foods 
       add constraint FKri2j6b6x4h4y1gn9ydwx02txp 
       foreign key (restaurant_id) 
       references restaurants (restaurantid)
Hibernate: 
    alter table ingredients_item 
       add constraint FKjrdf0qd7m01je9x8488kossj2 
       foreign key (food_id) 
       references foods (id)
Hibernate: 
    alter table menu 
       add constraint FKrr0ffv1553rcdbwsr7vcckipf 
       foreign key (restaurant_id) 
       references restaurants (restaurantid)
Hibernate: 
    alter table menu_food 
       add constraint FK824hvc59vlfpkrcpx3vmj287c 
       foreign key (food_id) 
       references foods (id)
Hibernate: 
    alter table menu_food 
       add constraint FKi8bx1sbjkgbheqjx895ei3d6e 
       foreign key (menu_id) 
       references menu (menuid)
Hibernate: 
    alter table order_items 
       add constraint FK1huo7mby94sw84wam6xbfaex2 
       foreign key (food_id) 
       references foods (id)
Hibernate: 
    alter table order_items 
       add constraint FKbioxgbv59vetrxe0ejfubep1w 
       foreign key (order_id) 
       references orders (id)
Hibernate: 
    alter table orders 
       add constraint FK2m9qulf12xm537bku3jnrrbup 
       foreign key (restaurant_id) 
       references restaurants (restaurantid)
Hibernate: 
    alter table orders 
       add constraint FK32ql8ubntj5uh44ph9659tiih 
       foreign key (user_id) 
       references users (id)
Hibernate: 
    alter table payments 
       add constraint FK81gagumt0r8y3rmudcgpbk42l 
       foreign key (order_id) 
       references orders (id)
Hibernate: 
    alter table payments 
       add constraint FKj94hgy9v5fw1munb90tar2eje 
       foreign key (user_id) 
       references users (id)
Hibernate: 
    alter table rating 
       add constraint FK8bufjabvxu9e9ys9ntk3o3bi3 
       foreign key (customer_id) 
       references users (id)
Hibernate: 
    alter table rating 
       add constraint FKhce8tn0bh31bkx1cs91s8is45 
       foreign key (order_item_id) 
       references order_items (id)
Hibernate: 
    alter table rating 
       add constraint FKhph1603b2838xte6a1yl50v4y 
       foreign key (restaurant_id) 
       references restaurants (restaurantid)
Hibernate: 
    alter table restaurant_images 
       add constraint FKbmmp3cu8ngu5qigoh8yko81qu 
       foreign key (restaurant_restaurantid) 
       references restaurants (restaurantid)
Hibernate: 
    alter table restaurant_turnover 
       add constraint FKipv439haede60obrgvesr8vmn 
       foreign key (restaurant_id) 
       references restaurants (restaurantid)
Hibernate: 
    alter table restaurants 
       add constraint FKd0pdl0qshbqxf3n29mfh5ds5b 
       foreign key (restaurant_user_id) 
       references users (id)
Hibernate: 
    alter table restaurants 
       add constraint FKbhrf387h813uu1rg5wbqwy08u 
       foreign key (restaurant_address_id) 
       references address (addressid)
Hibernate: 
    alter table reviews 
       add constraint FK81nkg9op14w8c6hw7f25f029i 
       foreign key (food_id) 
       references foods (id)
Hibernate: 
    alter table reviews 
       add constraint FK2x2x74lnliqmt91bc1w95ll8n 
       foreign key (order_item_id) 
       references order_items (id)
Hibernate: 
    alter table reviews 
       add constraint FKsu8ow2q842enesfbqphjrfi5g 
       foreign key (restaurant_id) 
       references restaurants (restaurantid)
Hibernate: 
    alter table reviews 
       add constraint FKcgy7qjc1r99dp117y9en6lxye 
       foreign key (user_id) 
       references users (id)
Hibernate: 
    alter table user_favourites 
       add constraint FKsotykjapinh9k0qddenalw94k 
       foreign key (user_id) 
       references users (id)
Hibernate: 
    alter table users_adresses 
       add constraint FKkyfk5eu9o8nlilucycdjyngyr 
       foreign key (adresses_addressid) 
       references address (addressid)
Hibernate: 
    alter table users_adresses 
       add constraint FK5oifyy7ui1fetdopc0manatr4 
       foreign key (user_id) 
       references users (id)
2025-04-30T11:42:44.454+03:00  INFO 35708 --- [           main] j.LocalContainerEntityManagerFactoryBean : Initialized JPA EntityManagerFactory for persistence unit 'default'
2025-04-30T11:42:44.626+03:00  INFO 35708 --- [           main] c.e.f.repository.UserRepositoryTest      : Started UserRepositoryTest in 2.538 seconds (process running for 11.596)
Hibernate: 
    insert 
    into
        users
        (address, email, name, password, phone_number, role) 
    values
        (?, ?, ?, ?, ?, ?)
Hibernate: 
    select
        u1_0.id,
        u1_0.address,
        u1_0.email,
        u1_0.name,
        u1_0.password,
        u1_0.phone_number,
        u1_0.role 
    from
        users u1_0 
    where
        u1_0.email=?
]]></system-out>
  </testcase>
  <testcase name="itShouldCheckIfUserExistsByEmail" classname="com.example.food_delivery_app.repository.UserRepositoryTest" time="0.02">
    <system-out><![CDATA[Hibernate: 
    insert 
    into
        users
        (address, email, name, password, phone_number, role) 
    values
        (?, ?, ?, ?, ?, ?)
Hibernate: 
    select
        u1_0.id 
    from
        users u1_0 
    where
        u1_0.email=? 
    limit
        ?
Hibernate: 
    select
        u1_0.id 
    from
        users u1_0 
    where
        u1_0.email=? 
    limit
        ?
]]></system-out>
  </testcase>
</testsuite>