<?xml version="1.0" encoding="UTF-8"?>
<testsuite xmlns:xsi="http://www.w3.org/2001/XMLSchema-instance" xsi:noNamespaceSchemaLocation="https://maven.apache.org/surefire/maven-surefire-plugin/xsd/surefire-test-report.xsd" version="3.0.2" name="com.example.food_delivery_app.FoodDeliveryAppApplicationTests" time="30.773" tests="1" errors="0" skipped="0" failures="0">
  <properties>
    <property name="java.specification.version" value="17"/>
    <property name="sun.cpu.isalist" value="amd64"/>
    <property name="sun.jnu.encoding" value="Cp1252"/>
    <property name="java.class.path" value="C:\Users\lilov\Documents\GitHub\Food-delivery---SAP-Project\food_delivery_app\target\test-classes;C:\Users\lilov\Documents\GitHub\Food-delivery---SAP-Project\food_delivery_app\target\classes;C:\Users\lilov\.m2\repository\org\springframework\boot\spring-boot-starter-data-jpa\3.4.4\spring-boot-starter-data-jpa-3.4.4.jar;C:\Users\lilov\.m2\repository\org\springframework\boot\spring-boot-starter\3.4.4\spring-boot-starter-3.4.4.jar;C:\Users\lilov\.m2\repository\org\springframework\boot\spring-boot-starter-logging\3.4.4\spring-boot-starter-logging-3.4.4.jar;C:\Users\lilov\.m2\repository\ch\qos\logback\logback-classic\1.5.18\logback-classic-1.5.18.jar;C:\Users\lilov\.m2\repository\ch\qos\logback\logback-core\1.5.18\logback-core-1.5.18.jar;C:\Users\lilov\.m2\repository\org\apache\logging\log4j\log4j-to-slf4j\2.24.3\log4j-to-slf4j-2.24.3.jar;C:\Users\lilov\.m2\repository\org\apache\logging\log4j\log4j-api\2.24.3\log4j-api-2.24.3.jar;C:\Users\lilov\.m2\repository\org\slf4j\jul-to-slf4j\2.0.17\jul-to-slf4j-2.0.17.jar;C:\Users\lilov\.m2\repository\jakarta\annotation\jakarta.annotation-api\2.1.1\jakarta.annotation-api-2.1.1.jar;C:\Users\lilov\.m2\repository\org\yaml\snakeyaml\2.3\snakeyaml-2.3.jar;C:\Users\lilov\.m2\repository\org\springframework\boot\spring-boot-starter-jdbc\3.4.4\spring-boot-starter-jdbc-3.4.4.jar;C:\Users\lilov\.m2\repository\com\zaxxer\HikariCP\5.1.0\HikariCP-5.1.0.jar;C:\Users\lilov\.m2\repository\org\springframework\spring-jdbc\6.2.5\spring-jdbc-6.2.5.jar;C:\Users\lilov\.m2\repository\org\hibernate\orm\hibernate-core\6.6.11.Final\hibernate-core-6.6.11.Final.jar;C:\Users\lilov\.m2\repository\jakarta\persistence\jakarta.persistence-api\3.1.0\jakarta.persistence-api-3.1.0.jar;C:\Users\lilov\.m2\repository\jakarta\transaction\jakarta.transaction-api\2.0.1\jakarta.transaction-api-2.0.1.jar;C:\Users\lilov\.m2\repository\org\jboss\logging\jboss-logging\3.6.1.Final\jboss-logging-3.6.1.Final.jar;C:\Users\lilov\.m2\repository\org\hibernate\common\hibernate-commons-annotations\7.0.3.Final\hibernate-commons-annotations-7.0.3.Final.jar;C:\Users\lilov\.m2\repository\io\smallrye\jandex\3.2.0\jandex-3.2.0.jar;C:\Users\lilov\.m2\repository\com\fasterxml\classmate\1.7.0\classmate-1.7.0.jar;C:\Users\lilov\.m2\repository\net\bytebuddy\byte-buddy\1.15.11\byte-buddy-1.15.11.jar;C:\Users\lilov\.m2\repository\org\glassfish\jaxb\jaxb-runtime\4.0.5\jaxb-runtime-4.0.5.jar;C:\Users\lilov\.m2\repository\org\glassfish\jaxb\jaxb-core\4.0.5\jaxb-core-4.0.5.jar;C:\Users\lilov\.m2\repository\org\eclipse\angus\angus-activation\2.0.2\angus-activation-2.0.2.jar;C:\Users\lilov\.m2\repository\org\glassfish\jaxb\txw2\4.0.5\txw2-4.0.5.jar;C:\Users\lilov\.m2\repository\com\sun\istack\istack-commons-runtime\4.1.2\istack-commons-runtime-4.1.2.jar;C:\Users\lilov\.m2\repository\jakarta\inject\jakarta.inject-api\2.0.1\jakarta.inject-api-2.0.1.jar;C:\Users\lilov\.m2\repository\org\antlr\antlr4-runtime\4.13.0\antlr4-runtime-4.13.0.jar;C:\Users\lilov\.m2\repository\org\springframework\data\spring-data-jpa\3.4.4\spring-data-jpa-3.4.4.jar;C:\Users\lilov\.m2\repository\org\springframework\data\spring-data-commons\3.4.4\spring-data-commons-3.4.4.jar;C:\Users\lilov\.m2\repository\org\springframework\spring-orm\6.2.5\spring-orm-6.2.5.jar;C:\Users\lilov\.m2\repository\org\springframework\spring-context\6.2.5\spring-context-6.2.5.jar;C:\Users\lilov\.m2\repository\org\springframework\spring-tx\6.2.5\spring-tx-6.2.5.jar;C:\Users\lilov\.m2\repository\org\springframework\spring-beans\6.2.5\spring-beans-6.2.5.jar;C:\Users\lilov\.m2\repository\org\slf4j\slf4j-api\2.0.17\slf4j-api-2.0.17.jar;C:\Users\lilov\.m2\repository\org\springframework\spring-aspects\6.2.5\spring-aspects-6.2.5.jar;C:\Users\lilov\.m2\repository\org\aspectj\aspectjweaver\1.9.23\aspectjweaver-1.9.23.jar;C:\Users\lilov\.m2\repository\org\springframework\boot\spring-boot-starter-security\3.4.4\spring-boot-starter-security-3.4.4.jar;C:\Users\lilov\.m2\repository\org\springframework\spring-aop\6.2.5\spring-aop-6.2.5.jar;C:\Users\lilov\.m2\repository\org\springframework\security\spring-security-config\6.4.4\spring-security-config-6.4.4.jar;C:\Users\lilov\.m2\repository\org\springframework\security\spring-security-web\6.4.4\spring-security-web-6.4.4.jar;C:\Users\lilov\.m2\repository\org\springframework\spring-expression\6.2.5\spring-expression-6.2.5.jar;C:\Users\lilov\.m2\repository\org\springframework\boot\spring-boot-starter-web\3.4.4\spring-boot-starter-web-3.4.4.jar;C:\Users\lilov\.m2\repository\org\springframework\boot\spring-boot-starter-json\3.4.4\spring-boot-starter-json-3.4.4.jar;C:\Users\lilov\.m2\repository\com\fasterxml\jackson\datatype\jackson-datatype-jdk8\2.18.3\jackson-datatype-jdk8-2.18.3.jar;C:\Users\lilov\.m2\repository\com\fasterxml\jackson\datatype\jackson-datatype-jsr310\2.18.3\jackson-datatype-jsr310-2.18.3.jar;C:\Users\lilov\.m2\repository\com\fasterxml\jackson\module\jackson-module-parameter-names\2.18.3\jackson-module-parameter-names-2.18.3.jar;C:\Users\lilov\.m2\repository\org\springframework\boot\spring-boot-starter-tomcat\3.4.4\spring-boot-starter-tomcat-3.4.4.jar;C:\Users\lilov\.m2\repository\org\apache\tomcat\embed\tomcat-embed-core\10.1.39\tomcat-embed-core-10.1.39.jar;C:\Users\lilov\.m2\repository\org\apache\tomcat\embed\tomcat-embed-el\10.1.39\tomcat-embed-el-10.1.39.jar;C:\Users\lilov\.m2\repository\org\apache\tomcat\embed\tomcat-embed-websocket\10.1.39\tomcat-embed-websocket-10.1.39.jar;C:\Users\lilov\.m2\repository\org\springframework\spring-web\6.2.5\spring-web-6.2.5.jar;C:\Users\lilov\.m2\repository\io\micrometer\micrometer-observation\1.14.5\micrometer-observation-1.14.5.jar;C:\Users\lilov\.m2\repository\io\micrometer\micrometer-commons\1.14.5\micrometer-commons-1.14.5.jar;C:\Users\lilov\.m2\repository\org\springframework\spring-webmvc\6.2.5\spring-webmvc-6.2.5.jar;C:\Users\lilov\.m2\repository\org\springframework\boot\spring-boot-devtools\3.4.4\spring-boot-devtools-3.4.4.jar;C:\Users\lilov\.m2\repository\org\springframework\boot\spring-boot\3.4.4\spring-boot-3.4.4.jar;C:\Users\lilov\.m2\repository\org\springframework\boot\spring-boot-autoconfigure\3.4.4\spring-boot-autoconfigure-3.4.4.jar;C:\Users\lilov\.m2\repository\com\mysql\mysql-connector-j\9.1.0\mysql-connector-j-9.1.0.jar;C:\Users\lilov\.m2\repository\org\projectlombok\lombok\1.18.30\lombok-1.18.30.jar;C:\Users\lilov\.m2\repository\org\springframework\boot\spring-boot-starter-test\3.4.4\spring-boot-starter-test-3.4.4.jar;C:\Users\lilov\.m2\repository\org\springframework\boot\spring-boot-test\3.4.4\spring-boot-test-3.4.4.jar;C:\Users\lilov\.m2\repository\org\springframework\boot\spring-boot-test-autoconfigure\3.4.4\spring-boot-test-autoconfigure-3.4.4.jar;C:\Users\lilov\.m2\repository\com\jayway\jsonpath\json-path\2.9.0\json-path-2.9.0.jar;C:\Users\lilov\.m2\repository\jakarta\xml\bind\jakarta.xml.bind-api\4.0.2\jakarta.xml.bind-api-4.0.2.jar;C:\Users\lilov\.m2\repository\jakarta\activation\jakarta.activation-api\2.1.3\jakarta.activation-api-2.1.3.jar;C:\Users\lilov\.m2\repository\net\minidev\json-smart\2.5.2\json-smart-2.5.2.jar;C:\Users\lilov\.m2\repository\net\minidev\accessors-smart\2.5.2\accessors-smart-2.5.2.jar;C:\Users\lilov\.m2\repository\org\ow2\asm\asm\9.7.1\asm-9.7.1.jar;C:\Users\lilov\.m2\repository\org\assertj\assertj-core\3.26.3\assertj-core-3.26.3.jar;C:\Users\lilov\.m2\repository\org\awaitility\awaitility\4.2.2\awaitility-4.2.2.jar;C:\Users\lilov\.m2\repository\org\hamcrest\hamcrest\2.2\hamcrest-2.2.jar;C:\Users\lilov\.m2\repository\org\junit\jupiter\junit-jupiter\5.11.4\junit-jupiter-5.11.4.jar;C:\Users\lilov\.m2\repository\org\junit\jupiter\junit-jupiter-api\5.11.4\junit-jupiter-api-5.11.4.jar;C:\Users\lilov\.m2\repository\org\opentest4j\opentest4j\1.3.0\opentest4j-1.3.0.jar;C:\Users\lilov\.m2\repository\org\junit\platform\junit-platform-commons\1.11.4\junit-platform-commons-1.11.4.jar;C:\Users\lilov\.m2\repository\org\apiguardian\apiguardian-api\1.1.2\apiguardian-api-1.1.2.jar;C:\Users\lilov\.m2\repository\org\junit\jupiter\junit-jupiter-params\5.11.4\junit-jupiter-params-5.11.4.jar;C:\Users\lilov\.m2\repository\org\junit\jupiter\junit-jupiter-engine\5.11.4\junit-jupiter-engine-5.11.4.jar;C:\Users\lilov\.m2\repository\org\junit\platform\junit-platform-engine\1.11.4\junit-platform-engine-1.11.4.jar;C:\Users\lilov\.m2\repository\org\mockito\mockito-core\5.14.2\mockito-core-5.14.2.jar;C:\Users\lilov\.m2\repository\net\bytebuddy\byte-buddy-agent\1.15.11\byte-buddy-agent-1.15.11.jar;C:\Users\lilov\.m2\repository\org\objenesis\objenesis\3.3\objenesis-3.3.jar;C:\Users\lilov\.m2\repository\org\mockito\mockito-junit-jupiter\5.14.2\mockito-junit-jupiter-5.14.2.jar;C:\Users\lilov\.m2\repository\org\skyscreamer\jsonassert\1.5.3\jsonassert-1.5.3.jar;C:\Users\lilov\.m2\repository\com\vaadin\external\google\android-json\0.0.20131108.vaadin1\android-json-0.0.20131108.vaadin1.jar;C:\Users\lilov\.m2\repository\org\springframework\spring-core\6.2.5\spring-core-6.2.5.jar;C:\Users\lilov\.m2\repository\org\springframework\spring-jcl\6.2.5\spring-jcl-6.2.5.jar;C:\Users\lilov\.m2\repository\org\springframework\spring-test\6.2.5\spring-test-6.2.5.jar;C:\Users\lilov\.m2\repository\org\xmlunit\xmlunit-core\2.10.0\xmlunit-core-2.10.0.jar;C:\Users\lilov\.m2\repository\org\springframework\security\spring-security-test\6.4.4\spring-security-test-6.4.4.jar;C:\Users\lilov\.m2\repository\org\springframework\security\spring-security-core\6.4.4\spring-security-core-6.4.4.jar;C:\Users\lilov\.m2\repository\org\springframework\security\spring-security-crypto\6.4.4\spring-security-crypto-6.4.4.jar;C:\Users\lilov\.m2\repository\io\jsonwebtoken\jjwt-api\0.11.5\jjwt-api-0.11.5.jar;C:\Users\lilov\.m2\repository\io\jsonwebtoken\jjwt-impl\0.11.5\jjwt-impl-0.11.5.jar;C:\Users\lilov\.m2\repository\io\jsonwebtoken\jjwt-jackson\0.11.5\jjwt-jackson-0.11.5.jar;C:\Users\lilov\.m2\repository\com\fasterxml\jackson\core\jackson-databind\2.18.3\jackson-databind-2.18.3.jar;C:\Users\lilov\.m2\repository\com\fasterxml\jackson\core\jackson-annotations\2.18.3\jackson-annotations-2.18.3.jar;C:\Users\lilov\.m2\repository\com\fasterxml\jackson\core\jackson-core\2.18.3\jackson-core-2.18.3.jar;C:\Users\lilov\.m2\repository\org\springdoc\springdoc-openapi-starter-webmvc-ui\2.2.0\springdoc-openapi-starter-webmvc-ui-2.2.0.jar;C:\Users\lilov\.m2\repository\org\springdoc\springdoc-openapi-starter-webmvc-api\2.2.0\springdoc-openapi-starter-webmvc-api-2.2.0.jar;C:\Users\lilov\.m2\repository\org\springdoc\springdoc-openapi-starter-common\2.2.0\springdoc-openapi-starter-common-2.2.0.jar;C:\Users\lilov\.m2\repository\io\swagger\core\v3\swagger-core-jakarta\2.2.15\swagger-core-jakarta-2.2.15.jar;C:\Users\lilov\.m2\repository\org\apache\commons\commons-lang3\3.17.0\commons-lang3-3.17.0.jar;C:\Users\lilov\.m2\repository\io\swagger\core\v3\swagger-annotations-jakarta\2.2.15\swagger-annotations-jakarta-2.2.15.jar;C:\Users\lilov\.m2\repository\io\swagger\core\v3\swagger-models-jakarta\2.2.15\swagger-models-jakarta-2.2.15.jar;C:\Users\lilov\.m2\repository\jakarta\validation\jakarta.validation-api\3.0.2\jakarta.validation-api-3.0.2.jar;C:\Users\lilov\.m2\repository\com\fasterxml\jackson\dataformat\jackson-dataformat-yaml\2.18.3\jackson-dataformat-yaml-2.18.3.jar;C:\Users\lilov\.m2\repository\org\webjars\swagger-ui\5.2.0\swagger-ui-5.2.0.jar;"/>
    <property name="java.vm.vendor" value="Eclipse Adoptium"/>
    <property name="sun.arch.data.model" value="64"/>
    <property name="user.variant" value=""/>
    <property name="java.vendor.url" value="https://adoptium.net/"/>
    <property name="user.timezone" value="Europe/Sofia"/>
    <property name="org.jboss.logging.provider" value="slf4j"/>
    <property name="os.name" value="Windows 10"/>
    <property name="java.vm.specification.version" value="17"/>
    <property name="APPLICATION_NAME" value="food_delivery_app"/>
    <property name="sun.java.launcher" value="SUN_STANDARD"/>
    <property name="user.country" value="US"/>
    <property name="sun.boot.library.path" value="C:\Program Files\Eclipse Adoptium\jdk-17.0.12.7-hotspot\bin"/>
    <property name="sun.java.command" value="C:\Users\lilov\AppData\Local\Temp\surefire3506201709077420340\surefirebooter-20250429131322973_3.jar C:\Users\lilov\AppData\Local\Temp\surefire3506201709077420340 2025-04-29T13-13-22_367-jvmRun1 surefire-20250429131322973_1tmp surefire_0-20250429131322973_2tmp"/>
    <property name="jdk.debug" value="release"/>
    <property name="surefire.test.class.path" value="C:\Users\lilov\Documents\GitHub\Food-delivery---SAP-Project\food_delivery_app\target\test-classes;C:\Users\lilov\Documents\GitHub\Food-delivery---SAP-Project\food_delivery_app\target\classes;C:\Users\lilov\.m2\repository\org\springframework\boot\spring-boot-starter-data-jpa\3.4.4\spring-boot-starter-data-jpa-3.4.4.jar;C:\Users\lilov\.m2\repository\org\springframework\boot\spring-boot-starter\3.4.4\spring-boot-starter-3.4.4.jar;C:\Users\lilov\.m2\repository\org\springframework\boot\spring-boot-starter-logging\3.4.4\spring-boot-starter-logging-3.4.4.jar;C:\Users\lilov\.m2\repository\ch\qos\logback\logback-classic\1.5.18\logback-classic-1.5.18.jar;C:\Users\lilov\.m2\repository\ch\qos\logback\logback-core\1.5.18\logback-core-1.5.18.jar;C:\Users\lilov\.m2\repository\org\apache\logging\log4j\log4j-to-slf4j\2.24.3\log4j-to-slf4j-2.24.3.jar;C:\Users\lilov\.m2\repository\org\apache\logging\log4j\log4j-api\2.24.3\log4j-api-2.24.3.jar;C:\Users\lilov\.m2\repository\org\slf4j\jul-to-slf4j\2.0.17\jul-to-slf4j-2.0.17.jar;C:\Users\lilov\.m2\repository\jakarta\annotation\jakarta.annotation-api\2.1.1\jakarta.annotation-api-2.1.1.jar;C:\Users\lilov\.m2\repository\org\yaml\snakeyaml\2.3\snakeyaml-2.3.jar;C:\Users\lilov\.m2\repository\org\springframework\boot\spring-boot-starter-jdbc\3.4.4\spring-boot-starter-jdbc-3.4.4.jar;C:\Users\lilov\.m2\repository\com\zaxxer\HikariCP\5.1.0\HikariCP-5.1.0.jar;C:\Users\lilov\.m2\repository\org\springframework\spring-jdbc\6.2.5\spring-jdbc-6.2.5.jar;C:\Users\lilov\.m2\repository\org\hibernate\orm\hibernate-core\6.6.11.Final\hibernate-core-6.6.11.Final.jar;C:\Users\lilov\.m2\repository\jakarta\persistence\jakarta.persistence-api\3.1.0\jakarta.persistence-api-3.1.0.jar;C:\Users\lilov\.m2\repository\jakarta\transaction\jakarta.transaction-api\2.0.1\jakarta.transaction-api-2.0.1.jar;C:\Users\lilov\.m2\repository\org\jboss\logging\jboss-logging\3.6.1.Final\jboss-logging-3.6.1.Final.jar;C:\Users\lilov\.m2\repository\org\hibernate\common\hibernate-commons-annotations\7.0.3.Final\hibernate-commons-annotations-7.0.3.Final.jar;C:\Users\lilov\.m2\repository\io\smallrye\jandex\3.2.0\jandex-3.2.0.jar;C:\Users\lilov\.m2\repository\com\fasterxml\classmate\1.7.0\classmate-1.7.0.jar;C:\Users\lilov\.m2\repository\net\bytebuddy\byte-buddy\1.15.11\byte-buddy-1.15.11.jar;C:\Users\lilov\.m2\repository\org\glassfish\jaxb\jaxb-runtime\4.0.5\jaxb-runtime-4.0.5.jar;C:\Users\lilov\.m2\repository\org\glassfish\jaxb\jaxb-core\4.0.5\jaxb-core-4.0.5.jar;C:\Users\lilov\.m2\repository\org\eclipse\angus\angus-activation\2.0.2\angus-activation-2.0.2.jar;C:\Users\lilov\.m2\repository\org\glassfish\jaxb\txw2\4.0.5\txw2-4.0.5.jar;C:\Users\lilov\.m2\repository\com\sun\istack\istack-commons-runtime\4.1.2\istack-commons-runtime-4.1.2.jar;C:\Users\lilov\.m2\repository\jakarta\inject\jakarta.inject-api\2.0.1\jakarta.inject-api-2.0.1.jar;C:\Users\lilov\.m2\repository\org\antlr\antlr4-runtime\4.13.0\antlr4-runtime-4.13.0.jar;C:\Users\lilov\.m2\repository\org\springframework\data\spring-data-jpa\3.4.4\spring-data-jpa-3.4.4.jar;C:\Users\lilov\.m2\repository\org\springframework\data\spring-data-commons\3.4.4\spring-data-commons-3.4.4.jar;C:\Users\lilov\.m2\repository\org\springframework\spring-orm\6.2.5\spring-orm-6.2.5.jar;C:\Users\lilov\.m2\repository\org\springframework\spring-context\6.2.5\spring-context-6.2.5.jar;C:\Users\lilov\.m2\repository\org\springframework\spring-tx\6.2.5\spring-tx-6.2.5.jar;C:\Users\lilov\.m2\repository\org\springframework\spring-beans\6.2.5\spring-beans-6.2.5.jar;C:\Users\lilov\.m2\repository\org\slf4j\slf4j-api\2.0.17\slf4j-api-2.0.17.jar;C:\Users\lilov\.m2\repository\org\springframework\spring-aspects\6.2.5\spring-aspects-6.2.5.jar;C:\Users\lilov\.m2\repository\org\aspectj\aspectjweaver\1.9.23\aspectjweaver-1.9.23.jar;C:\Users\lilov\.m2\repository\org\springframework\boot\spring-boot-starter-security\3.4.4\spring-boot-starter-security-3.4.4.jar;C:\Users\lilov\.m2\repository\org\springframework\spring-aop\6.2.5\spring-aop-6.2.5.jar;C:\Users\lilov\.m2\repository\org\springframework\security\spring-security-config\6.4.4\spring-security-config-6.4.4.jar;C:\Users\lilov\.m2\repository\org\springframework\security\spring-security-web\6.4.4\spring-security-web-6.4.4.jar;C:\Users\lilov\.m2\repository\org\springframework\spring-expression\6.2.5\spring-expression-6.2.5.jar;C:\Users\lilov\.m2\repository\org\springframework\boot\spring-boot-starter-web\3.4.4\spring-boot-starter-web-3.4.4.jar;C:\Users\lilov\.m2\repository\org\springframework\boot\spring-boot-starter-json\3.4.4\spring-boot-starter-json-3.4.4.jar;C:\Users\lilov\.m2\repository\com\fasterxml\jackson\datatype\jackson-datatype-jdk8\2.18.3\jackson-datatype-jdk8-2.18.3.jar;C:\Users\lilov\.m2\repository\com\fasterxml\jackson\datatype\jackson-datatype-jsr310\2.18.3\jackson-datatype-jsr310-2.18.3.jar;C:\Users\lilov\.m2\repository\com\fasterxml\jackson\module\jackson-module-parameter-names\2.18.3\jackson-module-parameter-names-2.18.3.jar;C:\Users\lilov\.m2\repository\org\springframework\boot\spring-boot-starter-tomcat\3.4.4\spring-boot-starter-tomcat-3.4.4.jar;C:\Users\lilov\.m2\repository\org\apache\tomcat\embed\tomcat-embed-core\10.1.39\tomcat-embed-core-10.1.39.jar;C:\Users\lilov\.m2\repository\org\apache\tomcat\embed\tomcat-embed-el\10.1.39\tomcat-embed-el-10.1.39.jar;C:\Users\lilov\.m2\repository\org\apache\tomcat\embed\tomcat-embed-websocket\10.1.39\tomcat-embed-websocket-10.1.39.jar;C:\Users\lilov\.m2\repository\org\springframework\spring-web\6.2.5\spring-web-6.2.5.jar;C:\Users\lilov\.m2\repository\io\micrometer\micrometer-observation\1.14.5\micrometer-observation-1.14.5.jar;C:\Users\lilov\.m2\repository\io\micrometer\micrometer-commons\1.14.5\micrometer-commons-1.14.5.jar;C:\Users\lilov\.m2\repository\org\springframework\spring-webmvc\6.2.5\spring-webmvc-6.2.5.jar;C:\Users\lilov\.m2\repository\org\springframework\boot\spring-boot-devtools\3.4.4\spring-boot-devtools-3.4.4.jar;C:\Users\lilov\.m2\repository\org\springframework\boot\spring-boot\3.4.4\spring-boot-3.4.4.jar;C:\Users\lilov\.m2\repository\org\springframework\boot\spring-boot-autoconfigure\3.4.4\spring-boot-autoconfigure-3.4.4.jar;C:\Users\lilov\.m2\repository\com\mysql\mysql-connector-j\9.1.0\mysql-connector-j-9.1.0.jar;C:\Users\lilov\.m2\repository\org\projectlombok\lombok\1.18.30\lombok-1.18.30.jar;C:\Users\lilov\.m2\repository\org\springframework\boot\spring-boot-starter-test\3.4.4\spring-boot-starter-test-3.4.4.jar;C:\Users\lilov\.m2\repository\org\springframework\boot\spring-boot-test\3.4.4\spring-boot-test-3.4.4.jar;C:\Users\lilov\.m2\repository\org\springframework\boot\spring-boot-test-autoconfigure\3.4.4\spring-boot-test-autoconfigure-3.4.4.jar;C:\Users\lilov\.m2\repository\com\jayway\jsonpath\json-path\2.9.0\json-path-2.9.0.jar;C:\Users\lilov\.m2\repository\jakarta\xml\bind\jakarta.xml.bind-api\4.0.2\jakarta.xml.bind-api-4.0.2.jar;C:\Users\lilov\.m2\repository\jakarta\activation\jakarta.activation-api\2.1.3\jakarta.activation-api-2.1.3.jar;C:\Users\lilov\.m2\repository\net\minidev\json-smart\2.5.2\json-smart-2.5.2.jar;C:\Users\lilov\.m2\repository\net\minidev\accessors-smart\2.5.2\accessors-smart-2.5.2.jar;C:\Users\lilov\.m2\repository\org\ow2\asm\asm\9.7.1\asm-9.7.1.jar;C:\Users\lilov\.m2\repository\org\assertj\assertj-core\3.26.3\assertj-core-3.26.3.jar;C:\Users\lilov\.m2\repository\org\awaitility\awaitility\4.2.2\awaitility-4.2.2.jar;C:\Users\lilov\.m2\repository\org\hamcrest\hamcrest\2.2\hamcrest-2.2.jar;C:\Users\lilov\.m2\repository\org\junit\jupiter\junit-jupiter\5.11.4\junit-jupiter-5.11.4.jar;C:\Users\lilov\.m2\repository\org\junit\jupiter\junit-jupiter-api\5.11.4\junit-jupiter-api-5.11.4.jar;C:\Users\lilov\.m2\repository\org\opentest4j\opentest4j\1.3.0\opentest4j-1.3.0.jar;C:\Users\lilov\.m2\repository\org\junit\platform\junit-platform-commons\1.11.4\junit-platform-commons-1.11.4.jar;C:\Users\lilov\.m2\repository\org\apiguardian\apiguardian-api\1.1.2\apiguardian-api-1.1.2.jar;C:\Users\lilov\.m2\repository\org\junit\jupiter\junit-jupiter-params\5.11.4\junit-jupiter-params-5.11.4.jar;C:\Users\lilov\.m2\repository\org\junit\jupiter\junit-jupiter-engine\5.11.4\junit-jupiter-engine-5.11.4.jar;C:\Users\lilov\.m2\repository\org\junit\platform\junit-platform-engine\1.11.4\junit-platform-engine-1.11.4.jar;C:\Users\lilov\.m2\repository\org\mockito\mockito-core\5.14.2\mockito-core-5.14.2.jar;C:\Users\lilov\.m2\repository\net\bytebuddy\byte-buddy-agent\1.15.11\byte-buddy-agent-1.15.11.jar;C:\Users\lilov\.m2\repository\org\objenesis\objenesis\3.3\objenesis-3.3.jar;C:\Users\lilov\.m2\repository\org\mockito\mockito-junit-jupiter\5.14.2\mockito-junit-jupiter-5.14.2.jar;C:\Users\lilov\.m2\repository\org\skyscreamer\jsonassert\1.5.3\jsonassert-1.5.3.jar;C:\Users\lilov\.m2\repository\com\vaadin\external\google\android-json\0.0.20131108.vaadin1\android-json-0.0.20131108.vaadin1.jar;C:\Users\lilov\.m2\repository\org\springframework\spring-core\6.2.5\spring-core-6.2.5.jar;C:\Users\lilov\.m2\repository\org\springframework\spring-jcl\6.2.5\spring-jcl-6.2.5.jar;C:\Users\lilov\.m2\repository\org\springframework\spring-test\6.2.5\spring-test-6.2.5.jar;C:\Users\lilov\.m2\repository\org\xmlunit\xmlunit-core\2.10.0\xmlunit-core-2.10.0.jar;C:\Users\lilov\.m2\repository\org\springframework\security\spring-security-test\6.4.4\spring-security-test-6.4.4.jar;C:\Users\lilov\.m2\repository\org\springframework\security\spring-security-core\6.4.4\spring-security-core-6.4.4.jar;C:\Users\lilov\.m2\repository\org\springframework\security\spring-security-crypto\6.4.4\spring-security-crypto-6.4.4.jar;C:\Users\lilov\.m2\repository\io\jsonwebtoken\jjwt-api\0.11.5\jjwt-api-0.11.5.jar;C:\Users\lilov\.m2\repository\io\jsonwebtoken\jjwt-impl\0.11.5\jjwt-impl-0.11.5.jar;C:\Users\lilov\.m2\repository\io\jsonwebtoken\jjwt-jackson\0.11.5\jjwt-jackson-0.11.5.jar;C:\Users\lilov\.m2\repository\com\fasterxml\jackson\core\jackson-databind\2.18.3\jackson-databind-2.18.3.jar;C:\Users\lilov\.m2\repository\com\fasterxml\jackson\core\jackson-annotations\2.18.3\jackson-annotations-2.18.3.jar;C:\Users\lilov\.m2\repository\com\fasterxml\jackson\core\jackson-core\2.18.3\jackson-core-2.18.3.jar;C:\Users\lilov\.m2\repository\org\springdoc\springdoc-openapi-starter-webmvc-ui\2.2.0\springdoc-openapi-starter-webmvc-ui-2.2.0.jar;C:\Users\lilov\.m2\repository\org\springdoc\springdoc-openapi-starter-webmvc-api\2.2.0\springdoc-openapi-starter-webmvc-api-2.2.0.jar;C:\Users\lilov\.m2\repository\org\springdoc\springdoc-openapi-starter-common\2.2.0\springdoc-openapi-starter-common-2.2.0.jar;C:\Users\lilov\.m2\repository\io\swagger\core\v3\swagger-core-jakarta\2.2.15\swagger-core-jakarta-2.2.15.jar;C:\Users\lilov\.m2\repository\org\apache\commons\commons-lang3\3.17.0\commons-lang3-3.17.0.jar;C:\Users\lilov\.m2\repository\io\swagger\core\v3\swagger-annotations-jakarta\2.2.15\swagger-annotations-jakarta-2.2.15.jar;C:\Users\lilov\.m2\repository\io\swagger\core\v3\swagger-models-jakarta\2.2.15\swagger-models-jakarta-2.2.15.jar;C:\Users\lilov\.m2\repository\jakarta\validation\jakarta.validation-api\3.0.2\jakarta.validation-api-3.0.2.jar;C:\Users\lilov\.m2\repository\com\fasterxml\jackson\dataformat\jackson-dataformat-yaml\2.18.3\jackson-dataformat-yaml-2.18.3.jar;C:\Users\lilov\.m2\repository\org\webjars\swagger-ui\5.2.0\swagger-ui-5.2.0.jar;"/>
    <property name="sun.cpu.endian" value="little"/>
    <property name="user.home" value="C:\Users\lilov"/>
    <property name="user.language" value="en"/>
    <property name="java.specification.vendor" value="Oracle Corporation"/>
    <property name="java.version.date" value="2024-07-16"/>
    <property name="java.home" value="C:\Program Files\Eclipse Adoptium\jdk-17.0.12.7-hotspot"/>
    <property name="file.separator" value="\"/>
    <property name="basedir" value="C:\Users\lilov\Documents\GitHub\Food-delivery---SAP-Project\food_delivery_app"/>
    <property name="java.vm.compressedOopsMode" value="Zero based"/>
    <property name="line.separator" value="&#10;"/>
    <property name="java.vm.specification.vendor" value="Oracle Corporation"/>
    <property name="java.specification.name" value="Java Platform API Specification"/>
    <property name="FILE_LOG_CHARSET" value="windows-1252"/>
    <property name="java.awt.headless" value="true"/>
    <property name="surefire.real.class.path" value="C:\Users\lilov\AppData\Local\Temp\surefire3506201709077420340\surefirebooter-20250429131322973_3.jar"/>
    <property name="user.script" value=""/>
    <property name="sun.management.compiler" value="HotSpot 64-Bit Tiered Compilers"/>
    <property name="java.runtime.version" value="17.0.12+7"/>
    <property name="user.name" value="lilov"/>
    <property name="path.separator" value=";"/>
    <property name="os.version" value="10.0"/>
    <property name="java.runtime.name" value="OpenJDK Runtime Environment"/>
    <property name="skipTest" value="true"/>
    <property name="file.encoding" value="Cp1252"/>
    <property name="java.vm.name" value="OpenJDK 64-Bit Server VM"/>
    <property name="java.vendor.version" value="Temurin-17.0.12+7"/>
    <property name="localRepository" value="C:\Users\lilov\.m2\repository"/>
    <property name="java.vendor.url.bug" value="https://github.com/adoptium/adoptium-support/issues"/>
    <property name="java.io.tmpdir" value="C:\Users\lilov\AppData\Local\Temp\"/>
    <property name="com.zaxxer.hikari.pool_number" value="1"/>
    <property name="java.version" value="17.0.12"/>
    <property name="user.dir" value="C:\Users\lilov\Documents\GitHub\Food-delivery---SAP-Project\food_delivery_app"/>
    <property name="os.arch" value="amd64"/>
    <property name="java.vm.specification.name" value="Java Virtual Machine Specification"/>
    <property name="PID" value="15020"/>
    <property name="sun.os.patch.level" value=""/>
    <property name="CONSOLE_LOG_CHARSET" value="windows-1252"/>
    <property name="native.encoding" value="Cp1252"/>
    <property name="java.library.path" value="C:\Program Files\Eclipse Adoptium\jdk-17.0.12.7-hotspot\bin;C:\Windows\Sun\Java\bin;C:\Windows\system32;C:\Windows;C:\Program Files\Eclipse Adoptium\jdk-17.0.12.7-hotspot\bin;C:\Python310\Scripts\;C:\Python310\;C:\Windows\system32;C:\Windows;C:\Windows\System32\Wbem;C:\Windows\System32\WindowsPowerShell\v1.0\;C:\Windows\System32\OpenSSH\;C:\ProgramData\chocolatey\bin;C:\Program Files\dotnet\;C:\MinGW\bin;C:\Program Files\Git\cmd;C:\Program Files\nodejs\;C:\ProgramData\chocolatey\lib\maven\apache-maven-3.9.9\bin;C:\Program Files\MySQL\MySQL Server 8.0\bin;C:\Program Files\MySQL\MySQL Shell 8.0\bin\;C:\Users\lilov\AppData\Local\Microsoft\WindowsApps;C:\Users\lilov\AppData\Local\Programs\Microsoft VS Code\bin;C:\Users\lilov\AppData\Local\GitHubDesktop\bin;C:\Users\lilov\AppData\Roaming\npm;c:\Users\lilov\AppData\Roaming\Code\User\globalStorage\github.copilot-chat\debugCommand;."/>
    <property name="java.vm.info" value="mixed mode, sharing"/>
    <property name="java.vendor" value="Eclipse Adoptium"/>
    <property name="java.vm.version" value="17.0.12+7"/>
    <property name="sun.io.unicode.encoding" value="UnicodeLittle"/>
    <property name="java.class.version" value="61.0"/>
    <property name="LOGGED_APPLICATION_NAME" value="[food_delivery_app] "/>
  </properties>
  <testcase name="contextLoads" classname="com.example.food_delivery_app.FoodDeliveryAppApplicationTests" time="1.724">
    <system-out><![CDATA[13:13:25.740 [main] INFO org.springframework.test.context.support.AnnotationConfigContextLoaderUtils -- Could not detect default configuration classes for test class [com.example.food_delivery_app.FoodDeliveryAppApplicationTests]: FoodDeliveryAppApplicationTests does not declare any static, non-private, non-final, nested classes annotated with @Configuration.
13:13:26.192 [main] INFO org.springframework.boot.test.context.SpringBootTestContextBootstrapper -- Found @SpringBootConfiguration com.example.food_delivery_app.FoodDeliveryAppApplication for test class com.example.food_delivery_app.FoodDeliveryAppApplicationTests
13:13:26.719 [main] INFO org.springframework.boot.devtools.restart.RestartApplicationListener -- Restart disabled due to context in which it is running

  .   ____          _            __ _ _
 /\\ / ___'_ __ _ _(_)_ __  __ _ \ \ \ \
( ( )\___ | '_ | '_| | '_ \/ _` | \ \ \ \
 \\/  ___)| |_)| | | | | || (_| |  ) ) ) )
  '  |____| .__|_| |_|_| |_\__, | / / / /
 =========|_|==============|___/=/_/_/_/

 :: Spring Boot ::                (v3.4.4)

2025-04-29T13:13:27.720+03:00  INFO 15020 --- [food_delivery_app] [           main] c.e.f.FoodDeliveryAppApplicationTests    : Starting FoodDeliveryAppApplicationTests using Java 17.0.12 with PID 15020 (started by lilov in C:\Users\lilov\Documents\GitHub\Food-delivery---SAP-Project\food_delivery_app)
2025-04-29T13:13:27.724+03:00  INFO 15020 --- [food_delivery_app] [           main] c.e.f.FoodDeliveryAppApplicationTests    : No active profile set, falling back to 1 default profile: "default"
2025-04-29T13:13:30.566+03:00  INFO 15020 --- [food_delivery_app] [           main] .s.d.r.c.RepositoryConfigurationDelegate : Bootstrapping Spring Data JPA repositories in DEFAULT mode.
2025-04-29T13:13:30.832+03:00  INFO 15020 --- [food_delivery_app] [           main] .s.d.r.c.RepositoryConfigurationDelegate : Finished Spring Data repository scanning in 229 ms. Found 7 JPA repository interfaces.
2025-04-29T13:13:32.632+03:00  INFO 15020 --- [food_delivery_app] [           main] o.hibernate.jpa.internal.util.LogHelper  : HHH000204: Processing PersistenceUnitInfo [name: default]
2025-04-29T13:13:32.857+03:00  INFO 15020 --- [food_delivery_app] [           main] org.hibernate.Version                    : HHH000412: Hibernate ORM core version 6.6.11.Final
2025-04-29T13:13:32.987+03:00  INFO 15020 --- [food_delivery_app] [           main] o.h.c.internal.RegionFactoryInitiator    : HHH000026: Second-level cache disabled
2025-04-29T13:13:34.349+03:00  INFO 15020 --- [food_delivery_app] [           main] o.s.o.j.p.SpringPersistenceUnitInfo      : No LoadTimeWeaver setup: ignoring JPA class transformer
2025-04-29T13:13:34.518+03:00  INFO 15020 --- [food_delivery_app] [           main] com.zaxxer.hikari.HikariDataSource       : HikariPool-1 - Starting...
2025-04-29T13:13:35.656+03:00  INFO 15020 --- [food_delivery_app] [           main] com.zaxxer.hikari.pool.HikariPool        : HikariPool-1 - Added connection com.mysql.cj.jdbc.ConnectionImpl@2d230cff
2025-04-29T13:13:35.662+03:00  INFO 15020 --- [food_delivery_app] [           main] com.zaxxer.hikari.HikariDataSource       : HikariPool-1 - Start completed.
2025-04-29T13:13:35.901+03:00  WARN 15020 --- [food_delivery_app] [           main] org.hibernate.orm.deprecation            : HHH90000025: MySQLDialect does not need to be specified explicitly using 'hibernate.dialect' (remove the property setting and it will be selected by default)
2025-04-29T13:13:35.964+03:00  INFO 15020 --- [food_delivery_app] [           main] org.hibernate.orm.connections.pooling    : HHH10001005: Database info:
	Database JDBC URL [Connecting through datasource 'HikariDataSource (HikariPool-1)']
	Database driver: undefined/unknown
	Database version: 8.0.41
	Autocommit mode: undefined/unknown
	Isolation level: undefined/unknown
	Minimum pool size: undefined/unknown
	Maximum pool size: undefined/unknown
2025-04-29T13:13:39.463+03:00  INFO 15020 --- [food_delivery_app] [           main] o.h.e.t.j.p.i.JtaPlatformInitiator       : HHH000489: No JTA platform available (set 'hibernate.transaction.jta.platform' to enable JTA platform integration)
Hibernate: 
    create table address (
        addressid integer not null auto_increment,
        primary key (addressid)
    ) engine=InnoDB
Hibernate: 
    create table bonus (
        bonuusid bigint not null auto_increment,
        bonus_amount bigint,
        end_date date,
        is_approved bit not null,
        start_date date,
        driver_id bigint,
        turnover_id bigint,
        primary key (bonuusid)
    ) engine=InnoDB
Hibernate: 
    create table cart (
        cart_id bigint not null auto_increment,
        total_price float(53) not null,
        customer_userid bigint,
        primary key (cart_id)
    ) engine=InnoDB
Hibernate: 
    create table cart_item (
        cart_itemid bigint not null auto_increment,
        price float(53) not null,
        quantity integer not null,
        cart_cart_id bigint,
        food_foodid integer,
        primary key (cart_itemid)
    ) engine=InnoDB
Hibernate: 
    create table category (
        categoryid integer not null auto_increment,
        category_name varchar(255),
        menu_id bigint,
        primary key (categoryid)
    ) engine=InnoDB
Hibernate: 
    create table delivery_info (
        deliveryid bigint not null auto_increment,
        delivery_date datetime(6),
        delivery_status enum ('DELIVERED','FAILED','IN_PROGRESS','PENDING'),
        driver_id bigint,
        order_id integer,
        primary key (deliveryid)
    ) engine=InnoDB
Hibernate: 
    create table driver_revenue (
        revenueid bigint not null auto_increment,
        end_date date,
        start_date date,
        total_revenue bigint,
        driver_id bigint,
        primary key (revenueid)
    ) engine=InnoDB
Hibernate: 
    create table favourites (
        favouriteid bigint not null auto_increment,
        customer_id bigint,
        restaurant_id bigint,
        primary key (favouriteid)
    ) engine=InnoDB
Hibernate: 
    create table food (
        foodid integer not null auto_increment,
        available bit not null,
        food_description varchar(255),
        food_image varchar(255),
        food_name varchar(255),
        food_price decimal(10,2),
        preparation_time integer not null,
        category_id integer,
        menu_id bigint,
        primary key (foodid)
    ) engine=InnoDB
Hibernate: 
    create table food_ingredients (
        food_foodid integer not null,
        ingredients_ingredientid integer not null
    ) engine=InnoDB
Hibernate: 
    create table ingredients_item (
        ingredientid integer not null auto_increment,
        ingredient_name varchar(255),
        food_foodid integer,
        primary key (ingredientid)
    ) engine=InnoDB
Hibernate: 
    create table menu (
        menuid bigint not null auto_increment,
        category_name varchar(255),
        restaurant_id bigint,
        primary key (menuid)
    ) engine=InnoDB
Hibernate: 
    create table menu_food (
        menu_id bigint not null,
        food_id integer not null
    ) engine=InnoDB
Hibernate: 
    create table order_item_ingredients (
        order_item_id integer not null,
        ingredient varchar(255)
    ) engine=InnoDB
Hibernate: 
    create table order_item (
        order_itemid integer not null auto_increment,
        price float(53) not null,
        quantity integer not null,
        food_foodid integer,
        primary key (order_itemid)
    ) engine=InnoDB
Hibernate: 
    create table orders (
        orderid integer not null auto_increment,
        created_at datetime(6),
        items_quantity integer not null,
        order_date datetime(6),
        order_status enum ('CANCELLED','DELIVERED','IN_PROGRESS','PENDING'),
        total_amount bigint,
        total_price float(23) not null,
        updated_at datetime(6),
        customer_id bigint,
        delivery_address_addressid integer,
        restaurant_id bigint,
        primary key (orderid)
    ) engine=InnoDB
Hibernate: 
    create table orders_items (
        order_orderid integer not null,
        items_order_itemid integer not null
    ) engine=InnoDB
Hibernate: 
    create table payment (
        paymentid integer not null auto_increment,
        payment_amount float(23),
        payment_date datetime(6),
        payment_status enum ('FAILED','PAID','PENDING'),
        payment_type enum ('CARD','CASH'),
        order_id integer,
        primary key (paymentid)
    ) engine=InnoDB
Hibernate: 
    create table rating (
        ratingid bigint not null auto_increment,
        comment varchar(255),
        rating integer not null,
        customer_id bigint,
        order_item_id integer,
        restaurant_id bigint,
        primary key (ratingid)
    ) engine=InnoDB
Hibernate: 
    create table restaurant (
        restaurantid bigint not null auto_increment,
        closing_hours varchar(255),
        email varchar(255),
        phone varchar(255),
        social_media varchar(255),
        open bit not null,
        opening_hours varchar(255),
        restaurant_name varchar(255),
        type varchar(255),
        restaurant_user_id bigint,
        restaurant_address_id integer,
        primary key (restaurantid)
    ) engine=InnoDB
Hibernate: 
    create table restaurant_images (
        restaurant_restaurantid bigint not null,
        images varchar(1000)
    ) engine=InnoDB
Hibernate: 
    create table restaurant_turnover (
        turnoverid bigint not null,
        end_date date,
        start_date date,
        total_turnover bigint,
        restaurant_id bigint,
        primary key (turnoverid)
    ) engine=InnoDB
Hibernate: 
    create table restaurant_turnover_seq (
        next_val bigint
    ) engine=InnoDB
Hibernate: 
    insert into restaurant_turnover_seq values ( 1 )
Hibernate: 
    create table user_favourites (
        user_userid bigint not null,
        description varchar(255),
        email varchar(255),
        id bigint,
        image varbinary(1000),
        restaurant_address varchar(255),
        restaurant_name varchar(255)
    ) engine=InnoDB
Hibernate: 
    create table users (
        userid bigint not null auto_increment,
        address varchar(255),
        email varchar(255),
        name varchar(255),
        password varchar(255),
        phone_number varchar(255),
        role enum ('ROLE_ADMIN','ROLE_CUSTOMER','ROLE_DRIVER','ROLE_RESTAURANT'),
        primary key (userid)
    ) engine=InnoDB
Hibernate: 
    create table users_adresses (
        user_userid bigint not null,
        adresses_addressid integer not null
    ) engine=InnoDB
Hibernate: 
    alter table cart 
       drop index UKeeluuawpiisnxkvbd57c8w68k
Hibernate: 
    alter table cart 
       add constraint UKeeluuawpiisnxkvbd57c8w68k unique (customer_userid)
Hibernate: 
    alter table delivery_info 
       drop index UK8mvkatmiyb1s466k71xo9ddoj
Hibernate: 
    alter table delivery_info 
       add constraint UK8mvkatmiyb1s466k71xo9ddoj unique (driver_id)
Hibernate: 
    alter table delivery_info 
       drop index UK743hn86wgilfhhq2axcx0datv
Hibernate: 
    alter table delivery_info 
       add constraint UK743hn86wgilfhhq2axcx0datv unique (order_id)
Hibernate: 
    create index idx_driver_revenue_start 
       on driver_revenue (start_date)
Hibernate: 
    create index idx_driver_revenue_end 
       on driver_revenue (end_date)
Hibernate: 
    alter table menu 
       drop index UKf8ucgppk8hu6hra30opglnux3
Hibernate: 
    alter table menu 
       add constraint UKf8ucgppk8hu6hra30opglnux3 unique (restaurant_id)
Hibernate: 
    alter table orders_items 
       drop index UKok9y6em5k4peth37i60lemq5y
Hibernate: 
    alter table orders_items 
       add constraint UKok9y6em5k4peth37i60lemq5y unique (items_order_itemid)
Hibernate: 
    alter table payment 
       drop index UKmf7n8wo2rwrxsd6f3t9ub2mep
Hibernate: 
    alter table payment 
       add constraint UKmf7n8wo2rwrxsd6f3t9ub2mep unique (order_id)
Hibernate: 
    alter table restaurant 
       drop index UKtarhyx46lgrge2qan8d559c7u
Hibernate: 
    alter table restaurant 
       add constraint UKtarhyx46lgrge2qan8d559c7u unique (restaurant_user_id)
Hibernate: 
    alter table restaurant 
       drop index UKqg152hmvqccvn6jqjw1ctmyr5
Hibernate: 
    alter table restaurant 
       add constraint UKqg152hmvqccvn6jqjw1ctmyr5 unique (restaurant_address_id)
Hibernate: 
    create index idx_start_date 
       on restaurant_turnover (start_date)
Hibernate: 
    create index idx_end_date 
       on restaurant_turnover (end_date)
Hibernate: 
    alter table users_adresses 
       drop index UK9itmjb77c2sgnlfshxahgox7a
Hibernate: 
    alter table users_adresses 
       add constraint UK9itmjb77c2sgnlfshxahgox7a unique (adresses_addressid)
Hibernate: 
    alter table bonus 
       add constraint FK8irtcs909mvgkjnafh60s6da0 
       foreign key (driver_id) 
       references users (userid)
Hibernate: 
    alter table bonus 
       add constraint FKdefb31n5ow4dcj89hbdteva13 
       foreign key (turnover_id) 
       references restaurant_turnover (turnoverid)
Hibernate: 
    alter table cart 
       add constraint FKqdhwpj1au0qjoxvo8m67yanb0 
       foreign key (customer_userid) 
       references users (userid)
Hibernate: 
    alter table cart_item 
       add constraint FK7vsju2wftw7285wp7maxhi2pd 
       foreign key (cart_cart_id) 
       references cart (cart_id)
Hibernate: 
    alter table cart_item 
       add constraint FKhmri2tdvy7122r5a8csdcc3ae 
       foreign key (food_foodid) 
       references food (foodid)
Hibernate: 
    alter table category 
       add constraint FK7ld4ysop2r15rbwxiue1ko5eb 
       foreign key (menu_id) 
       references menu (menuid)
Hibernate: 
    alter table delivery_info 
       add constraint FK5jp1bmo8iwsp5y7smfty7fk94 
       foreign key (driver_id) 
       references users (userid)
Hibernate: 
    alter table delivery_info 
       add constraint FKp1s4pum7u1kjekjy9j5vlni04 
       foreign key (order_id) 
       references orders (orderid)
Hibernate: 
    alter table driver_revenue 
       add constraint FK6hlbaw5woblca4dbyq0e83py3 
       foreign key (driver_id) 
       references users (userid)
Hibernate: 
    alter table favourites 
       add constraint FK36ncekeud2j783fjfknabjo97 
       foreign key (customer_id) 
       references users (userid)
Hibernate: 
    alter table favourites 
       add constraint FK10gd6v2qydig2m6hardjmogwo 
       foreign key (restaurant_id) 
       references restaurant (restaurantid)
Hibernate: 
    alter table food 
       add constraint FKkomdx99dhk2cveaxugl2lws2u 
       foreign key (category_id) 
       references category (categoryid)
Hibernate: 
    alter table food 
       add constraint FKfltt9pjq2kw53tdhyu8im1imp 
       foreign key (menu_id) 
       references menu (menuid)
Hibernate: 
    alter table food_ingredients 
       add constraint FKs62crrep6w9hqhnlpa8j74yy0 
       foreign key (ingredients_ingredientid) 
       references ingredients_item (ingredientid)
Hibernate: 
    alter table food_ingredients 
       add constraint FKn7nnkfw419ih0c7a2cbfk50u9 
       foreign key (food_foodid) 
       references food (foodid)
Hibernate: 
    alter table ingredients_item 
       add constraint FKqn04nbp48qn0blxj0ox1ks0gk 
       foreign key (food_foodid) 
       references food (foodid)
Hibernate: 
    alter table menu 
       add constraint FKblwdtxevpl4mrds8a12q0ohu6 
       foreign key (restaurant_id) 
       references restaurant (restaurantid)
Hibernate: 
    alter table menu_food 
       add constraint FKk1tnspt51jpbhx4gw06hwmlc2 
       foreign key (food_id) 
       references food (foodid)
Hibernate: 
    alter table menu_food 
       add constraint FKi8bx1sbjkgbheqjx895ei3d6e 
       foreign key (menu_id) 
       references menu (menuid)
Hibernate: 
    alter table order_item_ingredients 
       add constraint FK58vjau6t2os14ocguw2gxx84 
       foreign key (order_item_id) 
       references order_item (order_itemid)
Hibernate: 
    alter table order_item 
       add constraint FK64lsu1q99dcyacsdidci6lf7u 
       foreign key (food_foodid) 
       references food (foodid)
Hibernate: 
    alter table orders 
       add constraint FKsjfs85qf6vmcurlx43cnc16gy 
       foreign key (customer_id) 
       references users (userid)
Hibernate: 
    alter table orders 
       add constraint FKtp85ljuft4f83kfvcnrsu46bl 
       foreign key (delivery_address_addressid) 
       references address (addressid)
Hibernate: 
    alter table orders 
       add constraint FKi7hgjxhw21nei3xgpe4nnpenh 
       foreign key (restaurant_id) 
       references restaurant (restaurantid)
Hibernate: 
    alter table orders_items 
       add constraint FK7siroibcjg1kogs1i49swnu4p 
       foreign key (items_order_itemid) 
       references order_item (order_itemid)
Hibernate: 
    alter table orders_items 
       add constraint FK8j72dytn9axqcoyom1498nah6 
       foreign key (order_orderid) 
       references orders (orderid)
Hibernate: 
    alter table payment 
       add constraint FKlouu98csyullos9k25tbpk4va 
       foreign key (order_id) 
       references orders (orderid)
Hibernate: 
    alter table rating 
       add constraint FK8bufjabvxu9e9ys9ntk3o3bi3 
       foreign key (customer_id) 
       references users (userid)
Hibernate: 
    alter table rating 
       add constraint FKjqs5y7xnnp82crpekh4q43crn 
       foreign key (order_item_id) 
       references order_item (order_itemid)
Hibernate: 
    alter table rating 
       add constraint FKgbo4sj6hljui2lqf4m7t2k2c 
       foreign key (restaurant_id) 
       references restaurant (restaurantid)
Hibernate: 
    alter table restaurant 
       add constraint FKh3i0bujcj21ix86fkvp71otwg 
       foreign key (restaurant_user_id) 
       references users (userid)
Hibernate: 
    alter table restaurant 
       add constraint FK1fr5sm8tr3jn0qtqhdead0ubq 
       foreign key (restaurant_address_id) 
       references address (addressid)
Hibernate: 
    alter table restaurant_images 
       add constraint FKo75ldi7wn7jmg3b4qch9h88dt 
       foreign key (restaurant_restaurantid) 
       references restaurant (restaurantid)
Hibernate: 
    alter table restaurant_turnover 
       add constraint FK5ckwg7ervnsg4mc9t1bjdp5ee 
       foreign key (restaurant_id) 
       references restaurant (restaurantid)
Hibernate: 
    alter table user_favourites 
       add constraint FK3pdohlnt9j2hdpagrd129k0em 
       foreign key (user_userid) 
       references users (userid)
Hibernate: 
    alter table users_adresses 
       add constraint FKkyfk5eu9o8nlilucycdjyngyr 
       foreign key (adresses_addressid) 
       references address (addressid)
Hibernate: 
    alter table users_adresses 
       add constraint FKdialxwhhnnrm2hbhtvwi72svq 
       foreign key (user_userid) 
       references users (userid)
2025-04-29T13:13:48.395+03:00  INFO 15020 --- [food_delivery_app] [           main] j.LocalContainerEntityManagerFactoryBean : Initialized JPA EntityManagerFactory for persistence unit 'default'
2025-04-29T13:13:49.505+03:00  INFO 15020 --- [food_delivery_app] [           main] o.s.d.j.r.query.QueryEnhancerFactory     : Hibernate is in classpath; If applicable, HQL parser will be used.
2025-04-29T13:13:51.987+03:00  WARN 15020 --- [food_delivery_app] [           main] JpaBaseConfiguration$JpaWebConfiguration : spring.jpa.open-in-view is enabled by default. Therefore, database queries may be performed during view rendering. Explicitly configure spring.jpa.open-in-view to disable this warning
2025-04-29T13:13:52.026+03:00  INFO 15020 --- [food_delivery_app] [           main] r$InitializeUserDetailsManagerConfigurer : Global AuthenticationManager configured with UserDetailsService bean with name customerUserDetailsService
2025-04-29T13:13:53.441+03:00  INFO 15020 --- [food_delivery_app] [           main] o.s.v.b.OptionalValidatorFactoryBean     : Failed to set up a Bean Validation provider: jakarta.validation.NoProviderFoundException: Unable to create a Configuration, because no Jakarta Bean Validation provider could be found. Add a provider like Hibernate Validator (RI) to your classpath.
2025-04-29T13:13:54.241+03:00  INFO 15020 --- [food_delivery_app] [           main] c.e.f.FoodDeliveryAppApplicationTests    : Started FoodDeliveryAppApplicationTests in 27.561 seconds (process running for 30.896)
]]></system-out>
  </testcase>
</testsuite>